2026-04-24 08:58:25,310 [INFO] === Iniciando sesión de scraping 20260424_085825 ===
2026-04-24 08:58:25,310 [INFO]   Consultando BCN→MAD para 2026-04-25 (DTD=1)...
2026-04-24 08:58:25,311 [WARNING] Impersonate 'chrome_126' does not exist, using 'random'
2026-04-24 08:58:25,565 [INFO] response: https://www.google.com/travel/flights?tfs=GhoSCjIwMjYtMDQtMjVqBRIDQkNOcgUSA01BREIBAUgBmAEC&hl=en&tfu=EgQIABABIgA&curr= 200
2026-04-24 08:58:27,070 [INFO]   → 273 vuelos encontrados. Precio mínimo: $68.0
2026-04-24 08:58:27,071 [INFO]   Esperando 5.3s antes de la siguiente consulta...
2026-04-24 08:58:32,365 [INFO]   Consultando BCN→MAD para 2026-04-27 (DTD=3)...
2026-04-24 08:58:32,582 [INFO] response: https://www.google.com/travel/flights?tfs=GhoSCjIwMjYtMDQtMjdqBRIDQkNOcgUSA01BREIBAUgBmAEC&hl=en&tfu=EgQIABABIgA&curr= 200
2026-04-24 08:58:33,926 [INFO]   → 299 vuelos encontrados. Precio mínimo: $68.0
2026-04-24 08:58:33,926 [INFO]   Esperando 7.4s antes de la siguiente consulta...
2026-04-24 08:58:41,314 [INFO]   Consultando BCN→MAD para 2026-05-01 (DTD=7)...
2026-04-24 08:58:41,486 [INFO] response: https://www.google.com/travel/flights?tfs=GhoSCjIwMjYtMDUtMDFqBRIDQkNOcgUSA01BREIBAUgBmAEC&hl=en&tfu=EgQIABABIgA&curr= 200
2026-04-24 08:58:41,961 [INFO]   → 261 vuelos encontrados. Precio mínimo: $57.0
2026-04-24 08:58:41,961 [INFO]   Esperando 5.5s antes de la siguiente consulta...
2026-04-24 08:58:47,477 [INFO]   Consultando BCN→MAD para 2026-05-04 (DTD=10)...
2026-04-24 08:58:47,674 [INFO] response: https://www.google.com/travel/flights?tfs=GhoSCjIwMjYtMDUtMDRqBRIDQkNOcgUSA01BREIBAUgBmAEC&hl=en&tfu=EgQIABABIgA&curr= 200
2026-04-24 08:58:48,171 [INFO]   → 317 vuelos encontrados. Precio mínimo: $75.0
2026-04-24 08:58:48,171 [INFO]   Esperando 4.6s antes de la siguiente consulta...
2026-04-24 08:58:52,797 [INFO]   Consultando BCN→MAD para 2026-05-08 (DTD=14)...
2026-04-24 08:58:53,014 [INFO] response: https://www.google.com/travel/flights?tfs=GhoSCjIwMjYtMDUtMDhqBRIDQkNOcgUSA01BREIBAUgBmAEC&hl=en&tfu=EgQIABABIgA&curr= 200
2026-04-24 08:58:54,393 [INFO]   → 305 vuelos encontrados. Precio mínimo: $125.0
2026-04-24 08:58:54,393 [INFO]   Esperando 7.7s antes de la siguiente consulta...
2026-04-24 08:59:02,062 [INFO]   Consultando BCN→MAD para 2026-05-15 (DTD=21)...
2026-04-24 08:59:02,300 [INFO] response: https://www.google.com/travel/flights?tfs=GhoSCjIwMjYtMDUtMTVqBRIDQkNOcgUSA01BREIBAUgBmAEC&hl=en&tfu=EgQIABABIgA&curr= 200
2026-04-24 08:59:02,822 [INFO]   → 297 vuelos encontrados. Precio mínimo: $57.0
2026-04-24 08:59:02,823 [INFO]   Esperando 4.3s antes de la siguiente consulta...
2026-04-24 08:59:07,119 [INFO]   Consultando BCN→MAD para 2026-05-24 (DTD=30)...
2026-04-24 08:59:07,270 [INFO] response: https://www.google.com/travel/flights?tfs=GhoSCjIwMjYtMDUtMjRqBRIDQkNOcgUSA01BREIBAUgBmAEC&hl=en&tfu=EgQIABABIgA&curr= 200
2026-04-24 08:59:08,393 [INFO]   → 305 vuelos encontrados. Precio mínimo: $89.0
2026-04-24 08:59:08,393 [INFO]   Esperando 3.1s antes de la siguiente consulta...
2026-04-24 08:59:11,517 [INFO]   Consultando BCN→MAD para 2026-06-08 (DTD=45)...
2026-04-24 08:59:11,706 [INFO] response: https://www.google.com/travel/flights?tfs=GhoSCjIwMjYtMDYtMDhqBRIDQkNOcgUSA01BREIBAUgBmAEC&hl=en&tfu=EgQIABABIgA&curr= 200
2026-04-24 08:59:12,203 [INFO]   → 305 vuelos encontrados. Precio mínimo: $89.0
2026-04-24 08:59:12,203 [INFO]   Esperando 4.1s antes de la siguiente consulta...
2026-04-24 08:59:16,340 [INFO]   Consultando BCN→MAD para 2026-06-23 (DTD=60)...
2026-04-24 08:59:16,609 [INFO] response: https://www.google.com/travel/flights?tfs=GhoSCjIwMjYtMDYtMjNqBRIDQkNOcgUSA01BREIBAUgBmAEC&hl=en&tfu=EgQIABABIgA&curr= 200
2026-04-24 08:59:17,312 [INFO]   → 329 vuelos encontrados. Precio mínimo: $104.0
2026-04-24 08:59:17,395 [INFO] === Sesión completada ===
2026-04-24 08:59:17,395 [INFO]   Registros nuevos:  2691
2026-04-24 08:59:17,395 [INFO]   Total acumulado:   7495
2026-04-24 08:59:17,395 [INFO]   Guardado en:       /home/runner/work/yield-management-bcn-mad/yield-management-bcn-mad/data/bcn_mad_prices.parquet
2026-04-24 08:59:17,397 [INFO]   Resumen guardado:  /home/runner/work/yield-management-bcn-mad/yield-management-bcn-mad/logs/summary_20260424_085825.json
2026-04-24 17:52:04,230 [INFO] === Iniciando sesión de scraping 20260424_175204 ===
2026-04-24 17:52:04,230 [INFO]   Consultando BCN→MAD para 2026-04-25 (DTD=1)...
2026-04-24 17:52:04,230 [WARNING] Impersonate 'chrome_126' does not exist, using 'random'
2026-04-24 17:52:04,439 [INFO] response: https://www.google.com/travel/flights?tfs=GhoSCjIwMjYtMDQtMjVqBRIDQkNOcgUSA01BREIBAUgBmAEC&hl=en&tfu=EgQIABABIgA&curr= 200
2026-04-24 17:52:05,960 [INFO]   → 299 vuelos encontrados. Precio mínimo: $68.0
2026-04-24 17:52:05,960 [INFO]   Esperando 7.2s antes de la siguiente consulta...
2026-04-24 17:52:13,195 [INFO]   Consultando BCN→MAD para 2026-04-27 (DTD=3)...
2026-04-24 17:52:13,349 [INFO] response: https://www.google.com/travel/flights?tfs=GhoSCjIwMjYtMDQtMjdqBRIDQkNOcgUSA01BREIBAUgBmAEC&hl=en&tfu=EgQIABABIgA&curr= 200
2026-04-24 17:52:13,978 [INFO]   → 311 vuelos encontrados. Precio mínimo: $98.0
2026-04-24 17:52:13,980 [INFO]   Esperando 7.4s antes de la siguiente consulta...
2026-04-24 17:52:21,365 [INFO]   Consultando BCN→MAD para 2026-05-01 (DTD=7)...
2026-04-24 17:52:21,540 [INFO] response: https://www.google.com/travel/flights?tfs=GhoSCjIwMjYtMDUtMDFqBRIDQkNOcgUSA01BREIBAUgBmAEC&hl=en&tfu=EgQIABABIgA&curr= 200
2026-04-24 17:52:22,063 [INFO]   → 283 vuelos encontrados. Precio mínimo: $66.0
2026-04-24 17:52:22,064 [INFO]   Esperando 3.8s antes de la siguiente consulta...
2026-04-24 17:52:25,883 [INFO]   Consultando BCN→MAD para 2026-05-04 (DTD=10)...
2026-04-24 17:52:26,072 [INFO] response: https://www.google.com/travel/flights?tfs=GhoSCjIwMjYtMDUtMDRqBRIDQkNOcgUSA01BREIBAUgBmAEC&hl=en&tfu=EgQIABABIgA&curr= 200
2026-04-24 17:52:26,552 [INFO]   → 323 vuelos encontrados. Precio mínimo: $68.0
2026-04-24 17:52:26,552 [INFO]   Esperando 5.9s antes de la siguiente consulta...
2026-04-24 17:52:32,501 [INFO]   Consultando BCN→MAD para 2026-05-08 (DTD=14)...
2026-04-24 17:52:32,661 [INFO] response: https://www.google.com/travel/flights?tfs=GhoSCjIwMjYtMDUtMDhqBRIDQkNOcgUSA01BREIBAUgBmAEC&hl=en&tfu=EgQIABABIgA&curr= 200
2026-04-24 17:52:34,192 [INFO]   → 291 vuelos encontrados. Precio mínimo: $111.0
2026-04-24 17:52:34,193 [INFO]   Esperando 4.9s antes de la siguiente consulta...
2026-04-24 17:52:39,066 [INFO]   Consultando BCN→MAD para 2026-05-15 (DTD=21)...
2026-04-24 17:52:39,224 [INFO] response: https://www.google.com/travel/flights?tfs=GhoSCjIwMjYtMDUtMTVqBRIDQkNOcgUSA01BREIBAUgBmAEC&hl=en&tfu=EgQIABABIgA&curr= 200
2026-04-24 17:52:40,291 [INFO]   → 309 vuelos encontrados. Precio mínimo: $57.0
2026-04-24 17:52:40,291 [INFO]   Esperando 5.6s antes de la siguiente consulta...
2026-04-24 17:52:45,866 [INFO]   Consultando BCN→MAD para 2026-05-24 (DTD=30)...
2026-04-24 17:52:46,025 [INFO] response: https://www.google.com/travel/flights?tfs=GhoSCjIwMjYtMDUtMjRqBRIDQkNOcgUSA01BREIBAUgBmAEC&hl=en&tfu=EgQIABABIgA&curr= 200
2026-04-24 17:52:46,672 [INFO]   → 295 vuelos encontrados. Precio mínimo: $94.0
2026-04-24 17:52:46,672 [INFO]   Esperando 7.4s antes de la siguiente consulta...
2026-04-24 17:52:54,076 [INFO]   Consultando BCN→MAD para 2026-06-08 (DTD=45)...
2026-04-24 17:52:54,220 [INFO] response: https://www.google.com/travel/flights?tfs=GhoSCjIwMjYtMDYtMDhqBRIDQkNOcgUSA01BREIBAUgBmAEC&hl=en&tfu=EgQIABABIgA&curr= 200
2026-04-24 17:52:55,209 [INFO]   → 305 vuelos encontrados. Precio mínimo: $89.0
2026-04-24 17:52:55,209 [INFO]   Esperando 3.3s antes de la siguiente consulta...
2026-04-24 17:52:58,529 [INFO]   Consultando BCN→MAD para 2026-06-23 (DTD=60)...
2026-04-24 17:52:58,699 [INFO] response: https://www.google.com/travel/flights?tfs=GhoSCjIwMjYtMDYtMjNqBRIDQkNOcgUSA01BREIBAUgBmAEC&hl=en&tfu=EgQIABABIgA&curr= 200
2026-04-24 17:53:00,227 [INFO]   → 329 vuelos encontrados. Precio mínimo: $104.0
2026-04-24 17:53:00,311 [INFO] === Sesión completada ===
2026-04-24 17:53:00,311 [INFO]   Registros nuevos:  2745
2026-04-24 17:53:00,311 [INFO]   Total acumulado:   7956
2026-04-24 17:53:00,311 [INFO]   Guardado en:       /home/runner/work/yield-management-bcn-mad/yield-management-bcn-mad/data/bcn_mad_prices.parquet
2026-04-24 17:53:00,313 [INFO]   Resumen guardado:  /home/runner/work/yield-management-bcn-mad/yield-management-bcn-mad/logs/summary_20260424_175204.json
