2026-05-03 08:44:45,467 [INFO] === Iniciando sesión de scraping 20260503_084445 ===
2026-05-03 08:44:45,467 [INFO]   Consultando BCN→MAD para 2026-05-04 (DTD=1)...
2026-05-03 08:44:45,467 [WARNING] Impersonate 'chrome_126' does not exist, using 'random'
2026-05-03 08:44:45,663 [INFO] response: https://www.google.com/travel/flights?tfs=GhoSCjIwMjYtMDUtMDRqBRIDQkNOcgUSA01BREIBAUgBmAEC&hl=en&tfu=EgQIABABIgA&curr= 200
2026-05-03 08:44:46,836 [INFO]   → 279 vuelos encontrados. Precio mínimo: $85.0
2026-05-03 08:44:46,836 [INFO]   Esperando 5.8s antes de la siguiente consulta...
2026-05-03 08:44:52,597 [INFO]   Consultando BCN→MAD para 2026-05-06 (DTD=3)...
2026-05-03 08:44:52,898 [INFO] response: https://www.google.com/travel/flights?tfs=GhoSCjIwMjYtMDUtMDZqBRIDQkNOcgUSA01BREIBAUgBmAEC&hl=en&tfu=EgQIABABIgA&curr= 200
2026-05-03 08:44:54,065 [INFO]   → 287 vuelos encontrados. Precio mínimo: $145.0
2026-05-03 08:44:54,065 [INFO]   Esperando 6.1s antes de la siguiente consulta...
2026-05-03 08:45:00,171 [INFO]   Consultando BCN→MAD para 2026-05-10 (DTD=7)...
2026-05-03 08:45:00,319 [INFO] response: https://www.google.com/travel/flights?tfs=GhoSCjIwMjYtMDUtMTBqBRIDQkNOcgUSA01BREIBAUgBmAEC&hl=en&tfu=EgQIABABIgA&curr= 200
2026-05-03 08:45:01,552 [INFO]   → 313 vuelos encontrados. Precio mínimo: $68.0
2026-05-03 08:45:01,552 [INFO]   Esperando 6.8s antes de la siguiente consulta...
2026-05-03 08:45:08,343 [INFO]   Consultando BCN→MAD para 2026-05-13 (DTD=10)...
2026-05-03 08:45:08,501 [INFO] response: https://www.google.com/travel/flights?tfs=GhoSCjIwMjYtMDUtMTNqBRIDQkNOcgUSA01BREIBAUgBmAEC&hl=en&tfu=EgQIABABIgA&curr= 200
2026-05-03 08:45:09,258 [INFO]   → 317 vuelos encontrados. Precio mínimo: $76.0
2026-05-03 08:45:09,258 [INFO]   Esperando 5.1s antes de la siguiente consulta...
2026-05-03 08:45:14,349 [INFO]   Consultando BCN→MAD para 2026-05-17 (DTD=14)...
2026-05-03 08:45:14,470 [INFO] response: https://www.google.com/travel/flights?tfs=GhoSCjIwMjYtMDUtMTdqBRIDQkNOcgUSA01BREIBAUgBmAEC&hl=en&tfu=EgQIABABIgA&curr= 200
2026-05-03 08:45:15,236 [INFO]   → 321 vuelos encontrados. Precio mínimo: $89.0
2026-05-03 08:45:15,236 [INFO]   Esperando 5.8s antes de la siguiente consulta...
2026-05-03 08:45:20,997 [INFO]   Consultando BCN→MAD para 2026-05-24 (DTD=21)...
2026-05-03 08:45:21,157 [INFO] response: https://www.google.com/travel/flights?tfs=GhoSCjIwMjYtMDUtMjRqBRIDQkNOcgUSA01BREIBAUgBmAEC&hl=en&tfu=EgQIABABIgA&curr= 200
2026-05-03 08:45:21,495 [INFO]   → 299 vuelos encontrados. Precio mínimo: $111.0
2026-05-03 08:45:21,496 [INFO]   Esperando 5.1s antes de la siguiente consulta...
2026-05-03 08:45:26,593 [INFO]   Consultando BCN→MAD para 2026-06-02 (DTD=30)...
2026-05-03 08:45:26,742 [INFO] response: https://www.google.com/travel/flights?tfs=GhoSCjIwMjYtMDYtMDJqBRIDQkNOcgUSA01BREIBAUgBmAEC&hl=en&tfu=EgQIABABIgA&curr= 200
2026-05-03 08:45:27,054 [INFO]   → 309 vuelos encontrados. Precio mínimo: $61.0
2026-05-03 08:45:27,054 [INFO]   Esperando 3.1s antes de la siguiente consulta...
2026-05-03 08:45:30,188 [INFO]   Consultando BCN→MAD para 2026-06-17 (DTD=45)...
2026-05-03 08:45:30,495 [INFO] response: https://www.google.com/travel/flights?tfs=GhoSCjIwMjYtMDYtMTdqBRIDQkNOcgUSA01BREIBAUgBmAEC&hl=en&tfu=EgQIABABIgA&curr= 200
2026-05-03 08:45:31,694 [INFO]   → 319 vuelos encontrados. Precio mínimo: $69.0
2026-05-03 08:45:31,694 [INFO]   Esperando 4.6s antes de la siguiente consulta...
2026-05-03 08:45:36,324 [INFO]   Consultando BCN→MAD para 2026-07-02 (DTD=60)...
2026-05-03 08:45:36,480 [INFO] response: https://www.google.com/travel/flights?tfs=GhoSCjIwMjYtMDctMDJqBRIDQkNOcgUSA01BREIBAUgBmAEC&hl=en&tfu=EgQIABABIgA&curr= 200
2026-05-03 08:45:37,795 [INFO]   → 297 vuelos encontrados. Precio mínimo: $94.0
2026-05-03 08:45:37,928 [INFO] === Sesión completada ===
2026-05-03 08:45:37,928 [INFO]   Registros nuevos:  2741
2026-05-03 08:45:37,928 [INFO]   Total acumulado:   16706
2026-05-03 08:45:37,928 [INFO]   Guardado en:       /home/runner/work/yield-management-bcn-mad/yield-management-bcn-mad/data/bcn_mad_prices.parquet
2026-05-03 08:45:37,931 [INFO]   Resumen guardado:  /home/runner/work/yield-management-bcn-mad/yield-management-bcn-mad/logs/summary_20260503_084445.json
2026-05-03 17:50:28,516 [INFO] === Iniciando sesión de scraping 20260503_175028 ===
2026-05-03 17:50:28,516 [INFO]   Consultando BCN→MAD para 2026-05-04 (DTD=1)...
2026-05-03 17:50:28,516 [WARNING] Impersonate 'chrome_126' does not exist, using 'random'
2026-05-03 17:50:28,695 [INFO] response: https://www.google.com/travel/flights?tfs=GhoSCjIwMjYtMDUtMDRqBRIDQkNOcgUSA01BREIBAUgBmAEC&hl=en&tfu=EgQIABABIgA&curr= 200
2026-05-03 17:50:29,130 [INFO]   → 283 vuelos encontrados. Precio mínimo: $111.0
2026-05-03 17:50:29,131 [INFO]   Esperando 6.3s antes de la siguiente consulta...
2026-05-03 17:50:35,458 [INFO]   Consultando BCN→MAD para 2026-05-06 (DTD=3)...
2026-05-03 17:50:35,621 [INFO] response: https://www.google.com/travel/flights?tfs=GhoSCjIwMjYtMDUtMDZqBRIDQkNOcgUSA01BREIBAUgBmAEC&hl=en&tfu=EgQIABABIgA&curr= 200
2026-05-03 17:50:36,488 [INFO]   → 287 vuelos encontrados. Precio mínimo: $146.0
2026-05-03 17:50:36,488 [INFO]   Esperando 6.6s antes de la siguiente consulta...
2026-05-03 17:50:43,089 [INFO]   Consultando BCN→MAD para 2026-05-10 (DTD=7)...
2026-05-03 17:50:43,231 [INFO] response: https://www.google.com/travel/flights?tfs=GhoSCjIwMjYtMDUtMTBqBRIDQkNOcgUSA01BREIBAUgBmAEC&hl=en&tfu=EgQIABABIgA&curr= 200
2026-05-03 17:50:43,681 [INFO]   → 307 vuelos encontrados. Precio mínimo: $68.0
2026-05-03 17:50:43,681 [INFO]   Esperando 5.5s antes de la siguiente consulta...
2026-05-03 17:50:49,153 [INFO]   Consultando BCN→MAD para 2026-05-13 (DTD=10)...
2026-05-03 17:50:49,296 [INFO] response: https://www.google.com/travel/flights?tfs=GhoSCjIwMjYtMDUtMTNqBRIDQkNOcgUSA01BREIBAUgBmAEC&hl=en&tfu=EgQIABABIgA&curr= 200
2026-05-03 17:50:50,871 [INFO]   → 311 vuelos encontrados. Precio mínimo: $76.0
2026-05-03 17:50:50,871 [INFO]   Esperando 6.2s antes de la siguiente consulta...
2026-05-03 17:50:57,094 [INFO]   Consultando BCN→MAD para 2026-05-17 (DTD=14)...
2026-05-03 17:50:57,238 [INFO] response: https://www.google.com/travel/flights?tfs=GhoSCjIwMjYtMDUtMTdqBRIDQkNOcgUSA01BREIBAUgBmAEC&hl=en&tfu=EgQIABABIgA&curr= 200
2026-05-03 17:50:58,508 [INFO]   → 331 vuelos encontrados. Precio mínimo: $120.0
2026-05-03 17:50:58,508 [INFO]   Esperando 4.0s antes de la siguiente consulta...
2026-05-03 17:51:02,547 [INFO]   Consultando BCN→MAD para 2026-05-24 (DTD=21)...
2026-05-03 17:51:02,684 [INFO] response: https://www.google.com/travel/flights?tfs=GhoSCjIwMjYtMDUtMjRqBRIDQkNOcgUSA01BREIBAUgBmAEC&hl=en&tfu=EgQIABABIgA&curr= 200
2026-05-03 17:51:04,010 [INFO]   → 315 vuelos encontrados. Precio mínimo: $111.0
2026-05-03 17:51:04,011 [INFO]   Esperando 5.8s antes de la siguiente consulta...
2026-05-03 17:51:09,853 [INFO]   Consultando BCN→MAD para 2026-06-02 (DTD=30)...
2026-05-03 17:51:09,986 [INFO] response: https://www.google.com/travel/flights?tfs=GhoSCjIwMjYtMDYtMDJqBRIDQkNOcgUSA01BREIBAUgBmAEC&hl=en&tfu=EgQIABABIgA&curr= 200
2026-05-03 17:51:10,741 [INFO]   → 305 vuelos encontrados. Precio mínimo: $61.0
2026-05-03 17:51:10,741 [INFO]   Esperando 5.9s antes de la siguiente consulta...
2026-05-03 17:51:16,618 [INFO]   Consultando BCN→MAD para 2026-06-17 (DTD=45)...
2026-05-03 17:51:16,759 [INFO] response: https://www.google.com/travel/flights?tfs=GhoSCjIwMjYtMDYtMTdqBRIDQkNOcgUSA01BREIBAUgBmAEC&hl=en&tfu=EgQIABABIgA&curr= 200
2026-05-03 17:51:18,239 [INFO]   → 341 vuelos encontrados. Precio mínimo: $69.0
2026-05-03 17:51:18,239 [INFO]   Esperando 7.5s antes de la siguiente consulta...
2026-05-03 17:51:25,741 [INFO]   Consultando BCN→MAD para 2026-07-02 (DTD=60)...
2026-05-03 17:51:26,014 [INFO] response: https://www.google.com/travel/flights?tfs=GhoSCjIwMjYtMDctMDJqBRIDQkNOcgUSA01BREIBAUgBmAEC&hl=en&tfu=EgQIABABIgA&curr= 200
2026-05-03 17:51:27,137 [INFO]   → 303 vuelos encontrados. Precio mínimo: $94.0
2026-05-03 17:51:27,269 [INFO] === Sesión completada ===
2026-05-03 17:51:27,269 [INFO]   Registros nuevos:  2783
2026-05-03 17:51:27,269 [INFO]   Total acumulado:   17324
2026-05-03 17:51:27,269 [INFO]   Guardado en:       /home/runner/work/yield-management-bcn-mad/yield-management-bcn-mad/data/bcn_mad_prices.parquet
2026-05-03 17:51:27,271 [INFO]   Resumen guardado:  /home/runner/work/yield-management-bcn-mad/yield-management-bcn-mad/logs/summary_20260503_175028.json
2026-05-03 20:12:12,871 [INFO] === Iniciando sesión de scraping 20260503_201212 ===
2026-05-03 20:12:12,871 [INFO]   Rutas: [('BCN', 'MAD'), ('MAD', 'BCN')] × DTDs: [1, 3, 7, 10, 14, 21, 30, 45, 60] ⇒ 18 queries
2026-05-03 20:12:12,871 [INFO]   Consultando BCN-MAD 2026-05-04 (DTD=1)...
2026-05-03 20:12:12,871 [WARNING] Impersonate 'chrome_126' does not exist, using 'random'
2026-05-03 20:12:13,089 [INFO] response: https://www.google.com/travel/flights?tfs=GhoSCjIwMjYtMDUtMDRqBRIDQkNOcgUSA01BREIBAUgBmAEC&hl=en&tfu=EgQIABABIgA&curr= 200
2026-05-03 20:12:13,609 [WARNING]   Respuesta degradada: 100% de 279 filas sin airline. Reintentando en 30s...
2026-05-03 20:12:43,753 [INFO] response: https://www.google.com/travel/flights?tfs=GhoSCjIwMjYtMDUtMDRqBRIDQkNOcgUSA01BREIBAUgBmAEC&hl=en&tfu=EgQIABABIgA&curr= 200
2026-05-03 20:12:44,466 [INFO]   → 279 válidos / 279 brutos. Min: $125.0
2026-05-03 20:12:44,466 [INFO]   query_log: {'timestamp': '2026-05-03T20:12:12.871579', 'query': 'BCN-MAD 2026-05-04 (DTD=1)', 'n_raw': 279, 'n_filtered': 279, 'status': 'ok'}
2026-05-03 20:12:44,466 [INFO]   Esperando 3.1s...
2026-05-03 20:12:47,584 [INFO]   Consultando BCN-MAD 2026-05-06 (DTD=3)...
2026-05-03 20:12:47,726 [INFO] response: https://www.google.com/travel/flights?tfs=GhoSCjIwMjYtMDUtMDZqBRIDQkNOcgUSA01BREIBAUgBmAEC&hl=en&tfu=EgQIABABIgA&curr= 200
2026-05-03 20:12:48,643 [INFO]   → 287 válidos / 287 brutos. Min: $145.0
2026-05-03 20:12:48,643 [INFO]   query_log: {'timestamp': '2026-05-03T20:12:47.584418', 'query': 'BCN-MAD 2026-05-06 (DTD=3)', 'n_raw': 287, 'n_filtered': 287, 'status': 'ok'}
2026-05-03 20:12:48,643 [INFO]   Esperando 3.4s...
2026-05-03 20:12:52,075 [INFO]   Consultando BCN-MAD 2026-05-10 (DTD=7)...
2026-05-03 20:12:52,223 [INFO] response: https://www.google.com/travel/flights?tfs=GhoSCjIwMjYtMDUtMTBqBRIDQkNOcgUSA01BREIBAUgBmAEC&hl=en&tfu=EgQIABABIgA&curr= 200
2026-05-03 20:12:52,707 [WARNING]   Respuesta degradada: 100% de 309 filas sin airline. Reintentando en 30s...
2026-05-03 20:13:22,857 [INFO] response: https://www.google.com/travel/flights?tfs=GhoSCjIwMjYtMDUtMTBqBRIDQkNOcgUSA01BREIBAUgBmAEC&hl=en&tfu=EgQIABABIgA&curr= 200
2026-05-03 20:13:23,885 [INFO]   → 309 válidos / 309 brutos. Min: $68.0
2026-05-03 20:13:23,885 [INFO]   query_log: {'timestamp': '2026-05-03T20:12:52.075536', 'query': 'BCN-MAD 2026-05-10 (DTD=7)', 'n_raw': 309, 'n_filtered': 309, 'status': 'ok'}
2026-05-03 20:13:23,885 [INFO]   Esperando 5.2s...
2026-05-03 20:13:29,127 [INFO]   Consultando BCN-MAD 2026-05-13 (DTD=10)...
2026-05-03 20:13:29,324 [INFO] response: https://www.google.com/travel/flights?tfs=GhoSCjIwMjYtMDUtMTNqBRIDQkNOcgUSA01BREIBAUgBmAEC&hl=en&tfu=EgQIABABIgA&curr= 200
2026-05-03 20:13:29,915 [WARNING]   Respuesta degradada: 100% de 323 filas sin airline. Reintentando en 30s...
2026-05-03 20:14:00,089 [INFO] response: https://www.google.com/travel/flights?tfs=GhoSCjIwMjYtMDUtMTNqBRIDQkNOcgUSA01BREIBAUgBmAEC&hl=en&tfu=EgQIABABIgA&curr= 200
2026-05-03 20:14:00,671 [ERROR]   Sigue degradada tras retry (100% vacías). Marcando como failed.
2026-05-03 20:14:00,671 [INFO]   query_log: {'timestamp': '2026-05-03T20:13:29.127589', 'query': 'BCN-MAD 2026-05-13 (DTD=10)', 'n_raw': 323, 'n_filtered': 0, 'status': 'failed'}
2026-05-03 20:14:00,671 [INFO]   Esperando 4.3s...
2026-05-03 20:14:05,021 [INFO]   Consultando BCN-MAD 2026-05-17 (DTD=14)...
2026-05-03 20:14:05,213 [INFO] response: https://www.google.com/travel/flights?tfs=GhoSCjIwMjYtMDUtMTdqBRIDQkNOcgUSA01BREIBAUgBmAEC&hl=en&tfu=EgQIABABIgA&curr= 200
2026-05-03 20:14:05,784 [WARNING]   Respuesta degradada: 100% de 335 filas sin airline. Reintentando en 30s...
2026-05-03 20:14:35,949 [INFO] response: https://www.google.com/travel/flights?tfs=GhoSCjIwMjYtMDUtMTdqBRIDQkNOcgUSA01BREIBAUgBmAEC&hl=en&tfu=EgQIABABIgA&curr= 200
2026-05-03 20:14:36,992 [INFO]   → 335 válidos / 335 brutos. Min: $120.0
2026-05-03 20:14:36,992 [INFO]   query_log: {'timestamp': '2026-05-03T20:14:05.022067', 'query': 'BCN-MAD 2026-05-17 (DTD=14)', 'n_raw': 335, 'n_filtered': 335, 'status': 'ok'}
2026-05-03 20:14:36,992 [INFO]   Esperando 7.2s...
2026-05-03 20:14:44,227 [INFO]   Consultando BCN-MAD 2026-05-24 (DTD=21)...
2026-05-03 20:14:44,391 [INFO] response: https://www.google.com/travel/flights?tfs=GhoSCjIwMjYtMDUtMjRqBRIDQkNOcgUSA01BREIBAUgBmAEC&hl=en&tfu=EgQIABABIgA&curr= 200
2026-05-03 20:14:45,490 [INFO]   → 293 válidos / 293 brutos. Min: $111.0
2026-05-03 20:14:45,490 [INFO]   query_log: {'timestamp': '2026-05-03T20:14:44.227341', 'query': 'BCN-MAD 2026-05-24 (DTD=21)', 'n_raw': 293, 'n_filtered': 293, 'status': 'ok'}
2026-05-03 20:14:45,490 [INFO]   Esperando 6.6s...
2026-05-03 20:14:52,132 [INFO]   Consultando BCN-MAD 2026-06-02 (DTD=30)...
2026-05-03 20:14:52,296 [INFO] response: https://www.google.com/travel/flights?tfs=GhoSCjIwMjYtMDYtMDJqBRIDQkNOcgUSA01BREIBAUgBmAEC&hl=en&tfu=EgQIABABIgA&curr= 200
2026-05-03 20:14:53,258 [INFO]   → 299 válidos / 299 brutos. Min: $61.0
2026-05-03 20:14:53,259 [INFO]   query_log: {'timestamp': '2026-05-03T20:14:52.132212', 'query': 'BCN-MAD 2026-06-02 (DTD=30)', 'n_raw': 299, 'n_filtered': 299, 'status': 'ok'}
2026-05-03 20:14:53,259 [INFO]   Esperando 7.6s...
2026-05-03 20:15:00,882 [INFO]   Consultando BCN-MAD 2026-06-17 (DTD=45)...
2026-05-03 20:15:01,046 [INFO] response: https://www.google.com/travel/flights?tfs=GhoSCjIwMjYtMDYtMTdqBRIDQkNOcgUSA01BREIBAUgBmAEC&hl=en&tfu=EgQIABABIgA&curr= 200
2026-05-03 20:15:01,457 [WARNING]   Respuesta degradada: 100% de 339 filas sin airline. Reintentando en 30s...
2026-05-03 20:15:31,603 [INFO] response: https://www.google.com/travel/flights?tfs=GhoSCjIwMjYtMDYtMTdqBRIDQkNOcgUSA01BREIBAUgBmAEC&hl=en&tfu=EgQIABABIgA&curr= 200
2026-05-03 20:15:32,440 [INFO]   → 339 válidos / 339 brutos. Min: $69.0
2026-05-03 20:15:32,440 [INFO]   query_log: {'timestamp': '2026-05-03T20:15:00.882836', 'query': 'BCN-MAD 2026-06-17 (DTD=45)', 'n_raw': 339, 'n_filtered': 339, 'status': 'ok'}
2026-05-03 20:15:32,440 [INFO]   Esperando 6.3s...
2026-05-03 20:15:38,721 [INFO]   Consultando BCN-MAD 2026-07-02 (DTD=60)...
2026-05-03 20:15:38,882 [INFO] response: https://www.google.com/travel/flights?tfs=GhoSCjIwMjYtMDctMDJqBRIDQkNOcgUSA01BREIBAUgBmAEC&hl=en&tfu=EgQIABABIgA&curr= 200
2026-05-03 20:15:39,643 [INFO]   → 307 válidos / 307 brutos. Min: $94.0
2026-05-03 20:15:39,643 [INFO]   query_log: {'timestamp': '2026-05-03T20:15:38.721636', 'query': 'BCN-MAD 2026-07-02 (DTD=60)', 'n_raw': 307, 'n_filtered': 307, 'status': 'ok'}
2026-05-03 20:15:39,643 [INFO]   Esperando 4.2s...
2026-05-03 20:15:43,832 [INFO]   Consultando MAD-BCN 2026-05-04 (DTD=1)...
2026-05-03 20:15:43,977 [INFO] response: https://www.google.com/travel/flights?tfs=GhoSCjIwMjYtMDUtMDRqBRIDTUFEcgUSA0JDTkIBAUgBmAEC&hl=en&tfu=EgQIABABIgA&curr= 200
2026-05-03 20:15:44,758 [INFO]   → 251 válidos / 251 brutos. Min: $185.0
2026-05-03 20:15:44,758 [INFO]   query_log: {'timestamp': '2026-05-03T20:15:43.832194', 'query': 'MAD-BCN 2026-05-04 (DTD=1)', 'n_raw': 251, 'n_filtered': 251, 'status': 'ok'}
2026-05-03 20:15:44,758 [INFO]   Esperando 7.4s...
2026-05-03 20:15:52,131 [INFO]   Consultando MAD-BCN 2026-05-06 (DTD=3)...
2026-05-03 20:15:52,306 [INFO] response: https://www.google.com/travel/flights?tfs=GhoSCjIwMjYtMDUtMDZqBRIDTUFEcgUSA0JDTkIBAUgBmAEC&hl=en&tfu=EgQIABABIgA&curr= 200
2026-05-03 20:15:52,769 [WARNING]   Respuesta degradada: 100% de 307 filas sin airline. Reintentando en 30s...
2026-05-03 20:16:22,907 [INFO] response: https://www.google.com/travel/flights?tfs=GhoSCjIwMjYtMDUtMDZqBRIDTUFEcgUSA0JDTkIBAUgBmAEC&hl=en&tfu=EgQIABABIgA&curr= 200
2026-05-03 20:16:23,290 [ERROR]   Sigue degradada tras retry (100% vacías). Marcando como failed.
2026-05-03 20:16:23,290 [INFO]   query_log: {'timestamp': '2026-05-03T20:15:52.131990', 'query': 'MAD-BCN 2026-05-06 (DTD=3)', 'n_raw': 307, 'n_filtered': 0, 'status': 'failed'}
2026-05-03 20:16:23,290 [INFO]   Esperando 5.5s...
2026-05-03 20:16:28,818 [INFO]   Consultando MAD-BCN 2026-05-10 (DTD=7)...
2026-05-03 20:16:28,984 [INFO] response: https://www.google.com/travel/flights?tfs=GhoSCjIwMjYtMDUtMTBqBRIDTUFEcgUSA0JDTkIBAUgBmAEC&hl=en&tfu=EgQIABABIgA&curr= 200
2026-05-03 20:16:29,832 [INFO]   → 299 válidos / 299 brutos. Min: $61.0
2026-05-03 20:16:29,832 [INFO]   query_log: {'timestamp': '2026-05-03T20:16:28.818577', 'query': 'MAD-BCN 2026-05-10 (DTD=7)', 'n_raw': 299, 'n_filtered': 299, 'status': 'ok'}
2026-05-03 20:16:29,832 [INFO]   Esperando 7.8s...
2026-05-03 20:16:37,622 [INFO]   Consultando MAD-BCN 2026-05-13 (DTD=10)...
2026-05-03 20:16:37,776 [INFO] response: https://www.google.com/travel/flights?tfs=GhoSCjIwMjYtMDUtMTNqBRIDTUFEcgUSA0JDTkIBAUgBmAEC&hl=en&tfu=EgQIABABIgA&curr= 200
2026-05-03 20:16:38,717 [INFO]   → 297 válidos / 297 brutos. Min: $79.0
2026-05-03 20:16:38,717 [INFO]   query_log: {'timestamp': '2026-05-03T20:16:37.622969', 'query': 'MAD-BCN 2026-05-13 (DTD=10)', 'n_raw': 297, 'n_filtered': 297, 'status': 'ok'}
2026-05-03 20:16:38,717 [INFO]   Esperando 6.4s...
2026-05-03 20:16:45,152 [INFO]   Consultando MAD-BCN 2026-05-17 (DTD=14)...
2026-05-03 20:16:45,362 [INFO] response: https://www.google.com/travel/flights?tfs=GhoSCjIwMjYtMDUtMTdqBRIDTUFEcgUSA0JDTkIBAUgBmAEC&hl=en&tfu=EgQIABABIgA&curr= 200
2026-05-03 20:16:46,177 [INFO]   → 309 válidos / 309 brutos. Min: $87.0
2026-05-03 20:16:46,177 [INFO]   query_log: {'timestamp': '2026-05-03T20:16:45.153041', 'query': 'MAD-BCN 2026-05-17 (DTD=14)', 'n_raw': 309, 'n_filtered': 309, 'status': 'ok'}
2026-05-03 20:16:46,177 [INFO]   Esperando 5.9s...
2026-05-03 20:16:52,045 [INFO]   Consultando MAD-BCN 2026-05-24 (DTD=21)...
2026-05-03 20:16:52,217 [INFO] response: https://www.google.com/travel/flights?tfs=GhoSCjIwMjYtMDUtMjRqBRIDTUFEcgUSA0JDTkIBAUgBmAEC&hl=en&tfu=EgQIABABIgA&curr= 200
2026-05-03 20:16:52,761 [WARNING]   Respuesta degradada: 100% de 301 filas sin airline. Reintentando en 30s...
2026-05-03 20:17:22,949 [INFO] response: https://www.google.com/travel/flights?tfs=GhoSCjIwMjYtMDUtMjRqBRIDTUFEcgUSA0JDTkIBAUgBmAEC&hl=en&tfu=EgQIABABIgA&curr= 200
2026-05-03 20:17:24,125 [INFO]   → 301 válidos / 301 brutos. Min: $79.0
2026-05-03 20:17:24,125 [INFO]   query_log: {'timestamp': '2026-05-03T20:16:52.045412', 'query': 'MAD-BCN 2026-05-24 (DTD=21)', 'n_raw': 301, 'n_filtered': 301, 'status': 'ok'}
2026-05-03 20:17:24,126 [INFO]   Esperando 5.4s...
2026-05-03 20:17:29,526 [INFO]   Consultando MAD-BCN 2026-06-02 (DTD=30)...
2026-05-03 20:17:29,668 [INFO] response: https://www.google.com/travel/flights?tfs=GhoSCjIwMjYtMDYtMDJqBRIDTUFEcgUSA0JDTkIBAUgBmAEC&hl=en&tfu=EgQIABABIgA&curr= 200
2026-05-03 20:17:30,648 [INFO]   → 339 válidos / 339 brutos. Min: $74.0
2026-05-03 20:17:30,649 [INFO]   query_log: {'timestamp': '2026-05-03T20:17:29.527117', 'query': 'MAD-BCN 2026-06-02 (DTD=30)', 'n_raw': 339, 'n_filtered': 339, 'status': 'ok'}
2026-05-03 20:17:30,649 [INFO]   Esperando 7.8s...
2026-05-03 20:17:38,490 [INFO]   Consultando MAD-BCN 2026-06-17 (DTD=45)...
2026-05-03 20:17:38,743 [INFO] response: https://www.google.com/travel/flights?tfs=GhoSCjIwMjYtMDYtMTdqBRIDTUFEcgUSA0JDTkIBAUgBmAEC&hl=en&tfu=EgQIABABIgA&curr= 200
2026-05-03 20:17:39,213 [WARNING]   Respuesta degradada: 100% de 325 filas sin airline. Reintentando en 30s...
2026-05-03 20:18:09,361 [INFO] response: https://www.google.com/travel/flights?tfs=GhoSCjIwMjYtMDYtMTdqBRIDTUFEcgUSA0JDTkIBAUgBmAEC&hl=en&tfu=EgQIABABIgA&curr= 200
2026-05-03 20:18:10,373 [INFO]   → 325 válidos / 325 brutos. Min: $90.0
2026-05-03 20:18:10,373 [INFO]   query_log: {'timestamp': '2026-05-03T20:17:38.490812', 'query': 'MAD-BCN 2026-06-17 (DTD=45)', 'n_raw': 325, 'n_filtered': 325, 'status': 'ok'}
2026-05-03 20:18:10,373 [INFO]   Esperando 5.7s...
2026-05-03 20:18:16,077 [INFO]   Consultando MAD-BCN 2026-07-02 (DTD=60)...
2026-05-03 20:18:16,256 [INFO] response: https://www.google.com/travel/flights?tfs=GhoSCjIwMjYtMDctMDJqBRIDTUFEcgUSA0JDTkIBAUgBmAEC&hl=en&tfu=EgQIABABIgA&curr= 200
2026-05-03 20:18:16,800 [WARNING]   Respuesta degradada: 100% de 339 filas sin airline. Reintentando en 30s...
2026-05-03 20:18:46,949 [INFO] response: https://www.google.com/travel/flights?tfs=GhoSCjIwMjYtMDctMDJqBRIDTUFEcgUSA0JDTkIBAUgBmAEC&hl=en&tfu=EgQIABABIgA&curr= 200
2026-05-03 20:18:47,417 [ERROR]   Sigue degradada tras retry (100% vacías). Marcando como failed.
2026-05-03 20:18:47,417 [INFO]   query_log: {'timestamp': '2026-05-03T20:18:16.077344', 'query': 'MAD-BCN 2026-07-02 (DTD=60)', 'n_raw': 339, 'n_filtered': 0, 'status': 'failed'}
2026-05-03 20:18:47,439 [INFO]   Dedup intra-sesión: 4569 → 1244 (3325 fares duplicados colapsados)
2026-05-03 20:18:47,560 [INFO] === Sesión completada ===
2026-05-03 20:18:47,560 [INFO]   Queries ok / failed: 15 / 3
2026-05-03 20:18:47,560 [INFO]   Registros nuevos:    1244
2026-05-03 20:18:47,560 [INFO]   Total acumulado:     18568
2026-05-03 20:18:47,560 [INFO]   Guardado en:         /home/runner/work/yield-management-bcn-mad/yield-management-bcn-mad/data/bcn_mad_prices.parquet
2026-05-03 20:18:47,562 [INFO]   Resumen guardado:    /home/runner/work/yield-management-bcn-mad/yield-management-bcn-mad/logs/summary_20260503_201212.json
