2026-04-21 08:51:32,276 [INFO] === Iniciando sesión de scraping 20260421_085132 ===
2026-04-21 08:51:32,276 [INFO]   Consultando BCN→MAD para 2026-04-22 (DTD=1)...
2026-04-21 08:51:32,276 [WARNING] Impersonate 'chrome_126' does not exist, using 'random'
2026-04-21 08:51:32,512 [INFO] response: https://www.google.com/travel/flights?tfs=GhoSCjIwMjYtMDQtMjJqBRIDQkNOcgUSA01BREIBAUgBmAEC&hl=en&tfu=EgQIABABIgA&curr= 200
2026-04-21 08:51:33,010 [INFO]   → 291 vuelos encontrados. Precio mínimo: $68.0
2026-04-21 08:51:33,010 [INFO]   Esperando 4.4s antes de la siguiente consulta...
2026-04-21 08:51:37,397 [INFO]   Consultando BCN→MAD para 2026-04-24 (DTD=3)...
2026-04-21 08:51:37,541 [INFO] response: https://www.google.com/travel/flights?tfs=GhoSCjIwMjYtMDQtMjRqBRIDQkNOcgUSA01BREIBAUgBmAEC&hl=en&tfu=EgQIABABIgA&curr= 200
2026-04-21 08:51:38,081 [INFO]   → 285 vuelos encontrados. Precio mínimo: $89.0
2026-04-21 08:51:38,081 [INFO]   Esperando 6.7s antes de la siguiente consulta...
2026-04-21 08:51:44,800 [INFO]   Consultando BCN→MAD para 2026-04-28 (DTD=7)...
2026-04-21 08:51:44,936 [INFO] response: https://www.google.com/travel/flights?tfs=GhoSCjIwMjYtMDQtMjhqBRIDQkNOcgUSA01BREIBAUgBmAEC&hl=en&tfu=EgQIABABIgA&curr= 200
2026-04-21 08:51:46,284 [INFO]   → 291 vuelos encontrados. Precio mínimo: $68.0
2026-04-21 08:51:46,284 [INFO]   Esperando 5.1s antes de la siguiente consulta...
2026-04-21 08:51:51,371 [INFO]   Consultando BCN→MAD para 2026-05-01 (DTD=10)...
2026-04-21 08:51:51,552 [INFO] response: https://www.google.com/travel/flights?tfs=GhoSCjIwMjYtMDUtMDFqBRIDQkNOcgUSA01BREIBAUgBmAEC&hl=en&tfu=EgQIABABIgA&curr= 200
2026-04-21 08:51:52,108 [INFO]   → 289 vuelos encontrados. Precio mínimo: $56.0
2026-04-21 08:51:52,108 [INFO]   Esperando 3.6s antes de la siguiente consulta...
2026-04-21 08:51:55,711 [INFO]   Consultando BCN→MAD para 2026-05-05 (DTD=14)...
2026-04-21 08:51:55,852 [INFO] response: https://www.google.com/travel/flights?tfs=GhoSCjIwMjYtMDUtMDVqBRIDQkNOcgUSA01BREIBAUgBmAEC&hl=en&tfu=EgQIABABIgA&curr= 200
2026-04-21 08:51:57,224 [INFO]   → 301 vuelos encontrados. Precio mínimo: $85.0
2026-04-21 08:51:57,224 [INFO]   Esperando 4.4s antes de la siguiente consulta...
2026-04-21 08:52:01,650 [INFO]   Consultando BCN→MAD para 2026-05-12 (DTD=21)...
2026-04-21 08:52:01,773 [INFO] response: https://www.google.com/travel/flights?tfs=GhoSCjIwMjYtMDUtMTJqBRIDQkNOcgUSA01BREIBAUgBmAEC&hl=en&tfu=EgQIABABIgA&curr= 200
2026-04-21 08:52:02,889 [INFO]   → 309 vuelos encontrados. Precio mínimo: $68.0
2026-04-21 08:52:02,889 [INFO]   Esperando 3.3s antes de la siguiente consulta...
2026-04-21 08:52:06,235 [INFO]   Consultando BCN→MAD para 2026-05-21 (DTD=30)...
2026-04-21 08:52:06,427 [INFO] response: https://www.google.com/travel/flights?tfs=GhoSCjIwMjYtMDUtMjFqBRIDQkNOcgUSA01BREIBAUgBmAEC&hl=en&tfu=EgQIABABIgA&curr= 200
2026-04-21 08:52:07,027 [INFO]   → 323 vuelos encontrados. Precio mínimo: $77.0
2026-04-21 08:52:07,028 [INFO]   Esperando 6.8s antes de la siguiente consulta...
2026-04-21 08:52:13,791 [INFO]   Consultando BCN→MAD para 2026-06-05 (DTD=45)...
2026-04-21 08:52:13,937 [INFO] response: https://www.google.com/travel/flights?tfs=GhoSCjIwMjYtMDYtMDVqBRIDQkNOcgUSA01BREIBAUgBmAEC&hl=en&tfu=EgQIABABIgA&curr= 200
2026-04-21 08:52:15,108 [INFO]   → 311 vuelos encontrados. Precio mínimo: $105.0
2026-04-21 08:52:15,108 [INFO]   Esperando 4.9s antes de la siguiente consulta...
2026-04-21 08:52:20,031 [INFO]   Consultando BCN→MAD para 2026-06-20 (DTD=60)...
2026-04-21 08:52:20,156 [INFO] response: https://www.google.com/travel/flights?tfs=GhoSCjIwMjYtMDYtMjBqBRIDQkNOcgUSA01BREIBAUgBmAEC&hl=en&tfu=EgQIABABIgA&curr= 200
2026-04-21 08:52:21,739 [INFO]   → 311 vuelos encontrados. Precio mínimo: $89.0
2026-04-21 08:52:21,802 [INFO] === Sesión completada ===
2026-04-21 08:52:21,802 [INFO]   Registros nuevos:  2711
2026-04-21 08:52:21,802 [INFO]   Total acumulado:   4466
2026-04-21 08:52:21,802 [INFO]   Guardado en:       /home/runner/work/yield-management-bcn-mad/yield-management-bcn-mad/data/bcn_mad_prices.parquet
2026-04-21 08:52:21,804 [INFO]   Resumen guardado:  /home/runner/work/yield-management-bcn-mad/yield-management-bcn-mad/logs/summary_20260421_085132.json
2026-04-21 18:00:41,517 [INFO] === Iniciando sesión de scraping 20260421_180041 ===
2026-04-21 18:00:41,517 [INFO]   Consultando BCN→MAD para 2026-04-22 (DTD=1)...
2026-04-21 18:00:41,517 [WARNING] Impersonate 'chrome_126' does not exist, using 'random'
2026-04-21 18:00:41,708 [INFO] response: https://www.google.com/travel/flights?tfs=GhoSCjIwMjYtMDQtMjJqBRIDQkNOcgUSA01BREIBAUgBmAEC&hl=en&tfu=EgQIABABIgA&curr= 200
2026-04-21 18:00:42,197 [INFO]   → 297 vuelos encontrados. Precio mínimo: $68.0
2026-04-21 18:00:42,197 [INFO]   Esperando 4.5s antes de la siguiente consulta...
2026-04-21 18:00:46,702 [INFO]   Consultando BCN→MAD para 2026-04-24 (DTD=3)...
2026-04-21 18:00:46,968 [INFO] response: https://www.google.com/travel/flights?tfs=GhoSCjIwMjYtMDQtMjRqBRIDQkNOcgUSA01BREIBAUgBmAEC&hl=en&tfu=EgQIABABIgA&curr= 200
2026-04-21 18:00:47,512 [INFO]   → 301 vuelos encontrados. Precio mínimo: $127.0
2026-04-21 18:00:47,512 [INFO]   Esperando 7.2s antes de la siguiente consulta...
2026-04-21 18:00:54,680 [INFO]   Consultando BCN→MAD para 2026-04-28 (DTD=7)...
2026-04-21 18:00:55,111 [INFO] response: https://www.google.com/travel/flights?tfs=GhoSCjIwMjYtMDQtMjhqBRIDQkNOcgUSA01BREIBAUgBmAEC&hl=en&tfu=EgQIABABIgA&curr= 200
2026-04-21 18:00:56,440 [INFO]   → 293 vuelos encontrados. Precio mínimo: $68.0
2026-04-21 18:00:56,440 [INFO]   Esperando 6.7s antes de la siguiente consulta...
2026-04-21 18:01:03,102 [INFO]   Consultando BCN→MAD para 2026-05-01 (DTD=10)...
2026-04-21 18:01:03,278 [INFO] response: https://www.google.com/travel/flights?tfs=GhoSCjIwMjYtMDUtMDFqBRIDQkNOcgUSA01BREIBAUgBmAEC&hl=en&tfu=EgQIABABIgA&curr= 200
2026-04-21 18:01:03,720 [INFO]   → 291 vuelos encontrados. Precio mínimo: $56.0
2026-04-21 18:01:03,720 [INFO]   Esperando 6.6s antes de la siguiente consulta...
2026-04-21 18:01:10,361 [INFO]   Consultando BCN→MAD para 2026-05-05 (DTD=14)...
2026-04-21 18:01:10,535 [INFO] response: https://www.google.com/travel/flights?tfs=GhoSCjIwMjYtMDUtMDVqBRIDQkNOcgUSA01BREIBAUgBmAEC&hl=en&tfu=EgQIABABIgA&curr= 200
2026-04-21 18:01:10,978 [INFO]   → 315 vuelos encontrados. Precio mínimo: $83.0
2026-04-21 18:01:10,978 [INFO]   Esperando 7.7s antes de la siguiente consulta...
2026-04-21 18:01:18,723 [INFO]   Consultando BCN→MAD para 2026-05-12 (DTD=21)...
2026-04-21 18:01:18,865 [INFO] response: https://www.google.com/travel/flights?tfs=GhoSCjIwMjYtMDUtMTJqBRIDQkNOcgUSA01BREIBAUgBmAEC&hl=en&tfu=EgQIABABIgA&curr= 200
2026-04-21 18:01:19,747 [INFO]   → 293 vuelos encontrados. Precio mínimo: $68.0
2026-04-21 18:01:19,747 [INFO]   Esperando 3.2s antes de la siguiente consulta...
2026-04-21 18:01:22,996 [INFO]   Consultando BCN→MAD para 2026-05-21 (DTD=30)...
2026-04-21 18:01:23,218 [INFO] response: https://www.google.com/travel/flights?tfs=GhoSCjIwMjYtMDUtMjFqBRIDQkNOcgUSA01BREIBAUgBmAEC&hl=en&tfu=EgQIABABIgA&curr= 200
2026-04-21 18:01:24,421 [INFO]   → 303 vuelos encontrados. Precio mínimo: $77.0
2026-04-21 18:01:24,421 [INFO]   Esperando 5.1s antes de la siguiente consulta...
2026-04-21 18:01:29,557 [INFO]   Consultando BCN→MAD para 2026-06-05 (DTD=45)...
2026-04-21 18:01:29,842 [INFO] response: https://www.google.com/travel/flights?tfs=GhoSCjIwMjYtMDYtMDVqBRIDQkNOcgUSA01BREIBAUgBmAEC&hl=en&tfu=EgQIABABIgA&curr= 200
2026-04-21 18:01:31,032 [INFO]   → 325 vuelos encontrados. Precio mínimo: $104.0
2026-04-21 18:01:31,032 [INFO]   Esperando 6.2s antes de la siguiente consulta...
2026-04-21 18:01:37,229 [INFO]   Consultando BCN→MAD para 2026-06-20 (DTD=60)...
2026-04-21 18:01:37,666 [INFO] response: https://www.google.com/travel/flights?tfs=GhoSCjIwMjYtMDYtMjBqBRIDQkNOcgUSA01BREIBAUgBmAEC&hl=en&tfu=EgQIABABIgA&curr= 200
2026-04-21 18:01:38,689 [INFO]   → 289 vuelos encontrados. Precio mínimo: $89.0
2026-04-21 18:01:38,759 [INFO] === Sesión completada ===
2026-04-21 18:01:38,759 [INFO]   Registros nuevos:  2707
2026-04-21 18:01:38,759 [INFO]   Total acumulado:   4901
2026-04-21 18:01:38,759 [INFO]   Guardado en:       /home/runner/work/yield-management-bcn-mad/yield-management-bcn-mad/data/bcn_mad_prices.parquet
2026-04-21 18:01:38,762 [INFO]   Resumen guardado:  /home/runner/work/yield-management-bcn-mad/yield-management-bcn-mad/logs/summary_20260421_180041.json
