2026-04-18 07:58:15,263 [INFO] === Iniciando sesión de scraping 20260418_075815 ===
2026-04-18 07:58:15,263 [INFO]   Consultando BCN→MAD para 2026-04-19 (DTD=1)...
2026-04-18 07:58:15,263 [WARNING] Impersonate 'chrome_126' does not exist, using 'random'
2026-04-18 07:58:15,450 [INFO] response: https://www.google.com/travel/flights?tfs=GhoSCjIwMjYtMDQtMTlqBRIDQkNOcgUSA01BREIBAUgBmAEC&hl=en&tfu=EgQIABABIgA&curr= 200
2026-04-18 07:58:16,311 [INFO]   → 275 vuelos encontrados. Precio mínimo: $157.0
2026-04-18 07:58:16,311 [INFO]   Esperando 5.7s antes de la siguiente consulta...
2026-04-18 07:58:21,969 [INFO]   Consultando BCN→MAD para 2026-04-21 (DTD=3)...
2026-04-18 07:58:22,157 [INFO] response: https://www.google.com/travel/flights?tfs=GhoSCjIwMjYtMDQtMjFqBRIDQkNOcgUSA01BREIBAUgBmAEC&hl=en&tfu=EgQIABABIgA&curr= 200
2026-04-18 07:58:23,075 [INFO]   → 279 vuelos encontrados. Precio mínimo: $68.0
2026-04-18 07:58:23,075 [INFO]   Esperando 3.2s antes de la siguiente consulta...
2026-04-18 07:58:26,261 [INFO]   Consultando BCN→MAD para 2026-04-25 (DTD=7)...
2026-04-18 07:58:26,435 [INFO] response: https://www.google.com/travel/flights?tfs=GhoSCjIwMjYtMDQtMjVqBRIDQkNOcgUSA01BREIBAUgBmAEC&hl=en&tfu=EgQIABABIgA&curr= 200
2026-04-18 07:58:27,701 [INFO]   → 291 vuelos encontrados. Precio mínimo: $60.0
2026-04-18 07:58:27,701 [INFO]   Esperando 7.7s antes de la siguiente consulta...
2026-04-18 07:58:35,362 [INFO]   Consultando BCN→MAD para 2026-04-28 (DTD=10)...
2026-04-18 07:58:35,572 [INFO] response: https://www.google.com/travel/flights?tfs=GhoSCjIwMjYtMDQtMjhqBRIDQkNOcgUSA01BREIBAUgBmAEC&hl=en&tfu=EgQIABABIgA&curr= 200
2026-04-18 07:58:36,832 [INFO]   → 277 vuelos encontrados. Precio mínimo: $68.0
2026-04-18 07:58:36,832 [INFO]   Esperando 4.6s antes de la siguiente consulta...
2026-04-18 07:58:41,413 [INFO]   Consultando BCN→MAD para 2026-05-02 (DTD=14)...
2026-04-18 07:58:41,609 [INFO] response: https://www.google.com/travel/flights?tfs=GhoSCjIwMjYtMDUtMDJqBRIDQkNOcgUSA01BREIBAUgBmAEC&hl=en&tfu=EgQIABABIgA&curr= 200
2026-04-18 07:58:42,004 [INFO]   → 303 vuelos encontrados. Precio mínimo: $56.0
2026-04-18 07:58:42,004 [INFO]   Esperando 3.6s antes de la siguiente consulta...
2026-04-18 07:58:45,636 [INFO]   Consultando BCN→MAD para 2026-05-09 (DTD=21)...
2026-04-18 07:58:45,812 [INFO] response: https://www.google.com/travel/flights?tfs=GhoSCjIwMjYtMDUtMDlqBRIDQkNOcgUSA01BREIBAUgBmAEC&hl=en&tfu=EgQIABABIgA&curr= 200
2026-04-18 07:58:47,049 [INFO]   → 303 vuelos encontrados. Precio mínimo: $68.0
2026-04-18 07:58:47,049 [INFO]   Esperando 6.9s antes de la siguiente consulta...
2026-04-18 07:58:53,919 [INFO]   Consultando BCN→MAD para 2026-05-18 (DTD=30)...
2026-04-18 07:58:54,117 [INFO] response: https://www.google.com/travel/flights?tfs=GhoSCjIwMjYtMDUtMThqBRIDQkNOcgUSA01BREIBAUgBmAEC&hl=en&tfu=EgQIABABIgA&curr= 200
2026-04-18 07:58:55,456 [INFO]   → 317 vuelos encontrados. Precio mínimo: $69.0
2026-04-18 07:58:55,456 [INFO]   Esperando 5.0s antes de la siguiente consulta...
2026-04-18 07:59:00,441 [INFO]   Consultando BCN→MAD para 2026-06-02 (DTD=45)...
2026-04-18 07:59:00,634 [INFO] response: https://www.google.com/travel/flights?tfs=GhoSCjIwMjYtMDYtMDJqBRIDQkNOcgUSA01BREIBAUgBmAEC&hl=en&tfu=EgQIABABIgA&curr= 200
2026-04-18 07:59:01,808 [INFO]   → 291 vuelos encontrados. Precio mínimo: $89.0
2026-04-18 07:59:01,808 [INFO]   Esperando 3.5s antes de la siguiente consulta...
2026-04-18 07:59:05,282 [INFO]   Consultando BCN→MAD para 2026-06-17 (DTD=60)...
2026-04-18 07:59:05,453 [INFO] response: https://www.google.com/travel/flights?tfs=GhoSCjIwMjYtMDYtMTdqBRIDQkNOcgUSA01BREIBAUgBmAEC&hl=en&tfu=EgQIABABIgA&curr= 200
2026-04-18 07:59:06,547 [INFO]   → 317 vuelos encontrados. Precio mínimo: $86.0
2026-04-18 07:59:06,595 [INFO] === Sesión completada ===
2026-04-18 07:59:06,595 [INFO]   Registros nuevos:  2653
2026-04-18 07:59:06,595 [INFO]   Total acumulado:   1646
2026-04-18 07:59:06,595 [INFO]   Guardado en:       /home/runner/work/yield-management-bcn-mad/yield-management-bcn-mad/data/bcn_mad_prices.parquet
2026-04-18 07:59:06,597 [INFO]   Resumen guardado:  /home/runner/work/yield-management-bcn-mad/yield-management-bcn-mad/logs/summary_20260418_075815.json
