2026-04-20 09:06:00,244 [INFO] === Iniciando sesión de scraping 20260420_090600 ===
2026-04-20 09:06:00,245 [INFO]   Consultando BCN→MAD para 2026-04-21 (DTD=1)...
2026-04-20 09:06:00,245 [WARNING] Impersonate 'chrome_126' does not exist, using 'random'
2026-04-20 09:06:00,629 [INFO] response: https://www.google.com/travel/flights?tfs=GhoSCjIwMjYtMDQtMjFqBRIDQkNOcgUSA01BREIBAUgBmAEC&hl=en&tfu=EgQIABABIgA&curr= 200
2026-04-20 09:06:01,884 [INFO]   → 289 vuelos encontrados. Precio mínimo: $68.0
2026-04-20 09:06:01,884 [INFO]   Esperando 4.5s antes de la siguiente consulta...
2026-04-20 09:06:06,398 [INFO]   Consultando BCN→MAD para 2026-04-23 (DTD=3)...
2026-04-20 09:06:06,709 [INFO] response: https://www.google.com/travel/flights?tfs=GhoSCjIwMjYtMDQtMjNqBRIDQkNOcgUSA01BREIBAUgBmAEC&hl=en&tfu=EgQIABABIgA&curr= 200
2026-04-20 09:06:07,668 [INFO]   → 279 vuelos encontrados. Precio mínimo: $68.0
2026-04-20 09:06:07,668 [INFO]   Esperando 7.9s antes de la siguiente consulta...
2026-04-20 09:06:15,540 [INFO]   Consultando BCN→MAD para 2026-04-27 (DTD=7)...
2026-04-20 09:06:15,909 [INFO] response: https://www.google.com/travel/flights?tfs=GhoSCjIwMjYtMDQtMjdqBRIDQkNOcgUSA01BREIBAUgBmAEC&hl=en&tfu=EgQIABABIgA&curr= 200
2026-04-20 09:06:17,320 [INFO]   → 297 vuelos encontrados. Precio mínimo: $68.0
2026-04-20 09:06:17,320 [INFO]   Esperando 4.8s antes de la siguiente consulta...
2026-04-20 09:06:22,162 [INFO]   Consultando BCN→MAD para 2026-04-30 (DTD=10)...
2026-04-20 09:06:22,466 [INFO] response: https://www.google.com/travel/flights?tfs=GhoSCjIwMjYtMDQtMzBqBRIDQkNOcgUSA01BREIBAUgBmAEC&hl=en&tfu=EgQIABABIgA&curr= 200
2026-04-20 09:06:23,032 [INFO]   → 281 vuelos encontrados. Precio mínimo: $77.0
2026-04-20 09:06:23,032 [INFO]   Esperando 6.3s antes de la siguiente consulta...
2026-04-20 09:06:29,357 [INFO]   Consultando BCN→MAD para 2026-05-04 (DTD=14)...
2026-04-20 09:06:29,526 [INFO] response: https://www.google.com/travel/flights?tfs=GhoSCjIwMjYtMDUtMDRqBRIDQkNOcgUSA01BREIBAUgBmAEC&hl=en&tfu=EgQIABABIgA&curr= 200
2026-04-20 09:06:30,570 [INFO]   → 307 vuelos encontrados. Precio mínimo: $83.0
2026-04-20 09:06:30,570 [INFO]   Esperando 5.7s antes de la siguiente consulta...
2026-04-20 09:06:36,246 [INFO]   Consultando BCN→MAD para 2026-05-11 (DTD=21)...
2026-04-20 09:06:36,426 [INFO] response: https://www.google.com/travel/flights?tfs=GhoSCjIwMjYtMDUtMTFqBRIDQkNOcgUSA01BREIBAUgBmAEC&hl=en&tfu=EgQIABABIgA&curr= 200
2026-04-20 09:06:37,834 [INFO]   → 315 vuelos encontrados. Precio mínimo: $76.0
2026-04-20 09:06:37,834 [INFO]   Esperando 5.2s antes de la siguiente consulta...
2026-04-20 09:06:43,002 [INFO]   Consultando BCN→MAD para 2026-05-20 (DTD=30)...
2026-04-20 09:06:43,162 [INFO] response: https://www.google.com/travel/flights?tfs=GhoSCjIwMjYtMDUtMjBqBRIDQkNOcgUSA01BREIBAUgBmAEC&hl=en&tfu=EgQIABABIgA&curr= 200
2026-04-20 09:06:44,932 [INFO]   → 319 vuelos encontrados. Precio mínimo: $74.0
2026-04-20 09:06:44,932 [INFO]   Esperando 3.8s antes de la siguiente consulta...
2026-04-20 09:06:48,729 [INFO]   Consultando BCN→MAD para 2026-06-04 (DTD=45)...
2026-04-20 09:06:48,907 [INFO] response: https://www.google.com/travel/flights?tfs=GhoSCjIwMjYtMDYtMDRqBRIDQkNOcgUSA01BREIBAUgBmAEC&hl=en&tfu=EgQIABABIgA&curr= 200
2026-04-20 09:06:49,351 [INFO]   → 315 vuelos encontrados. Precio mínimo: $99.0
2026-04-20 09:06:49,351 [INFO]   Esperando 7.7s antes de la siguiente consulta...
2026-04-20 09:06:57,057 [INFO]   Consultando BCN→MAD para 2026-06-19 (DTD=60)...
2026-04-20 09:06:57,223 [INFO] response: https://www.google.com/travel/flights?tfs=GhoSCjIwMjYtMDYtMTlqBRIDQkNOcgUSA01BREIBAUgBmAEC&hl=en&tfu=EgQIABABIgA&curr= 200
2026-04-20 09:06:57,891 [INFO]   → 321 vuelos encontrados. Precio mínimo: $89.0
2026-04-20 09:06:57,951 [INFO] === Sesión completada ===
2026-04-20 09:06:57,951 [INFO]   Registros nuevos:  2723
2026-04-20 09:06:57,951 [INFO]   Total acumulado:   3572
2026-04-20 09:06:57,951 [INFO]   Guardado en:       /home/runner/work/yield-management-bcn-mad/yield-management-bcn-mad/data/bcn_mad_prices.parquet
2026-04-20 09:06:57,953 [INFO]   Resumen guardado:  /home/runner/work/yield-management-bcn-mad/yield-management-bcn-mad/logs/summary_20260420_090600.json
