2026-04-30 09:09:35,585 [INFO] === Iniciando sesión de scraping 20260430_090935 ===
2026-04-30 09:09:35,585 [INFO]   Consultando BCN→MAD para 2026-05-01 (DTD=1)...
2026-04-30 09:09:35,586 [WARNING] Impersonate 'chrome_126' does not exist, using 'random'
2026-04-30 09:09:35,810 [INFO] response: https://www.google.com/travel/flights?tfs=GhoSCjIwMjYtMDUtMDFqBRIDQkNOcgUSA01BREIBAUgBmAEC&hl=en&tfu=EgQIABABIgA&curr= 200
2026-04-30 09:09:36,665 [INFO]   → 249 vuelos encontrados. Precio mínimo: $57.0
2026-04-30 09:09:36,665 [INFO]   Esperando 6.5s antes de la siguiente consulta...
2026-04-30 09:09:43,136 [INFO]   Consultando BCN→MAD para 2026-05-03 (DTD=3)...
2026-04-30 09:09:43,416 [INFO] response: https://www.google.com/travel/flights?tfs=GhoSCjIwMjYtMDUtMDNqBRIDQkNOcgUSA01BREIBAUgBmAEC&hl=en&tfu=EgQIABABIgA&curr= 200
2026-04-30 09:09:43,882 [INFO]   → 273 vuelos encontrados. Precio mínimo: $150.0
2026-04-30 09:09:43,882 [INFO]   Esperando 5.2s antes de la siguiente consulta...
2026-04-30 09:09:49,057 [INFO]   Consultando BCN→MAD para 2026-05-07 (DTD=7)...
2026-04-30 09:09:49,215 [INFO] response: https://www.google.com/travel/flights?tfs=GhoSCjIwMjYtMDUtMDdqBRIDQkNOcgUSA01BREIBAUgBmAEC&hl=en&tfu=EgQIABABIgA&curr= 200
2026-04-30 09:09:49,685 [INFO]   → 289 vuelos encontrados. Precio mínimo: $85.0
2026-04-30 09:09:49,685 [INFO]   Esperando 7.6s antes de la siguiente consulta...
2026-04-30 09:09:57,271 [INFO]   Consultando BCN→MAD para 2026-05-10 (DTD=10)...
2026-04-30 09:09:57,462 [INFO] response: https://www.google.com/travel/flights?tfs=GhoSCjIwMjYtMDUtMTBqBRIDQkNOcgUSA01BREIBAUgBmAEC&hl=en&tfu=EgQIABABIgA&curr= 200
2026-04-30 09:09:58,553 [INFO]   → 297 vuelos encontrados. Precio mínimo: $60.0
2026-04-30 09:09:58,553 [INFO]   Esperando 6.2s antes de la siguiente consulta...
2026-04-30 09:10:04,785 [INFO]   Consultando BCN→MAD para 2026-05-14 (DTD=14)...
2026-04-30 09:10:04,929 [INFO] response: https://www.google.com/travel/flights?tfs=GhoSCjIwMjYtMDUtMTRqBRIDQkNOcgUSA01BREIBAUgBmAEC&hl=en&tfu=EgQIABABIgA&curr= 200
2026-04-30 09:10:05,887 [INFO]   → 309 vuelos encontrados. Precio mínimo: $85.0
2026-04-30 09:10:05,887 [INFO]   Esperando 6.3s antes de la siguiente consulta...
2026-04-30 09:10:12,226 [INFO]   Consultando BCN→MAD para 2026-05-21 (DTD=21)...
2026-04-30 09:10:12,382 [INFO] response: https://www.google.com/travel/flights?tfs=GhoSCjIwMjYtMDUtMjFqBRIDQkNOcgUSA01BREIBAUgBmAEC&hl=en&tfu=EgQIABABIgA&curr= 200
2026-04-30 09:10:13,365 [INFO]   → 293 vuelos encontrados. Precio mínimo: $98.0
2026-04-30 09:10:13,365 [INFO]   Esperando 6.8s antes de la siguiente consulta...
2026-04-30 09:10:20,193 [INFO]   Consultando BCN→MAD para 2026-05-30 (DTD=30)...
2026-04-30 09:10:20,332 [INFO] response: https://www.google.com/travel/flights?tfs=GhoSCjIwMjYtMDUtMzBqBRIDQkNOcgUSA01BREIBAUgBmAEC&hl=en&tfu=EgQIABABIgA&curr= 200
2026-04-30 09:10:20,740 [INFO]   → 273 vuelos encontrados. Precio mínimo: $75.0
2026-04-30 09:10:20,740 [INFO]   Esperando 5.0s antes de la siguiente consulta...
2026-04-30 09:10:25,692 [INFO]   Consultando BCN→MAD para 2026-06-14 (DTD=45)...
2026-04-30 09:10:25,882 [INFO] response: https://www.google.com/travel/flights?tfs=GhoSCjIwMjYtMDYtMTRqBRIDQkNOcgUSA01BREIBAUgBmAEC&hl=en&tfu=EgQIABABIgA&curr= 200
2026-04-30 09:10:26,875 [INFO]   → 289 vuelos encontrados. Precio mínimo: $179.0
2026-04-30 09:10:26,875 [INFO]   Esperando 4.9s antes de la siguiente consulta...
2026-04-30 09:10:31,821 [INFO]   Consultando BCN→MAD para 2026-06-29 (DTD=60)...
2026-04-30 09:10:32,104 [INFO] response: https://www.google.com/travel/flights?tfs=GhoSCjIwMjYtMDYtMjlqBRIDQkNOcgUSA01BREIBAUgBmAEC&hl=en&tfu=EgQIABABIgA&curr= 200
2026-04-30 09:10:33,198 [INFO]   → 313 vuelos encontrados. Precio mínimo: $57.0
2026-04-30 09:10:33,312 [INFO] === Sesión completada ===
2026-04-30 09:10:33,312 [INFO]   Registros nuevos:  2585
2026-04-30 09:10:33,312 [INFO]   Total acumulado:   13512
2026-04-30 09:10:33,312 [INFO]   Guardado en:       /home/runner/work/yield-management-bcn-mad/yield-management-bcn-mad/data/bcn_mad_prices.parquet
2026-04-30 09:10:33,315 [INFO]   Resumen guardado:  /home/runner/work/yield-management-bcn-mad/yield-management-bcn-mad/logs/summary_20260430_090935.json
2026-04-30 18:12:30,933 [INFO] === Iniciando sesión de scraping 20260430_181230 ===
2026-04-30 18:12:30,934 [INFO]   Consultando BCN→MAD para 2026-05-01 (DTD=1)...
2026-04-30 18:12:30,934 [WARNING] Impersonate 'chrome_126' does not exist, using 'random'
2026-04-30 18:12:31,153 [INFO] response: https://www.google.com/travel/flights?tfs=GhoSCjIwMjYtMDUtMDFqBRIDQkNOcgUSA01BREIBAUgBmAEC&hl=en&tfu=EgQIABABIgA&curr= 200
2026-04-30 18:12:32,138 [INFO]   → 257 vuelos encontrados. Precio mínimo: $57.0
2026-04-30 18:12:32,139 [INFO]   Esperando 3.5s antes de la siguiente consulta...
2026-04-30 18:12:35,673 [INFO]   Consultando BCN→MAD para 2026-05-03 (DTD=3)...
2026-04-30 18:12:35,985 [INFO] response: https://www.google.com/travel/flights?tfs=GhoSCjIwMjYtMDUtMDNqBRIDQkNOcgUSA01BREIBAUgBmAEC&hl=en&tfu=EgQIABABIgA&curr= 200
2026-04-30 18:12:36,419 [INFO]   → 309 vuelos encontrados. Precio mínimo: $85.0
2026-04-30 18:12:36,420 [INFO]   Esperando 4.0s antes de la siguiente consulta...
2026-04-30 18:12:40,452 [INFO]   Consultando BCN→MAD para 2026-05-07 (DTD=7)...
2026-04-30 18:12:40,629 [INFO] response: https://www.google.com/travel/flights?tfs=GhoSCjIwMjYtMDUtMDdqBRIDQkNOcgUSA01BREIBAUgBmAEC&hl=en&tfu=EgQIABABIgA&curr= 200
2026-04-30 18:12:41,644 [INFO]   → 281 vuelos encontrados. Precio mínimo: $85.0
2026-04-30 18:12:41,644 [INFO]   Esperando 4.4s antes de la siguiente consulta...
2026-04-30 18:12:45,999 [INFO]   Consultando BCN→MAD para 2026-05-10 (DTD=10)...
2026-04-30 18:12:46,163 [INFO] response: https://www.google.com/travel/flights?tfs=GhoSCjIwMjYtMDUtMTBqBRIDQkNOcgUSA01BREIBAUgBmAEC&hl=en&tfu=EgQIABABIgA&curr= 200
2026-04-30 18:12:47,156 [INFO]   → 309 vuelos encontrados. Precio mínimo: $60.0
2026-04-30 18:12:47,156 [INFO]   Esperando 7.4s antes de la siguiente consulta...
2026-04-30 18:12:54,518 [INFO]   Consultando BCN→MAD para 2026-05-14 (DTD=14)...
2026-04-30 18:12:54,649 [INFO] response: https://www.google.com/travel/flights?tfs=GhoSCjIwMjYtMDUtMTRqBRIDQkNOcgUSA01BREIBAUgBmAEC&hl=en&tfu=EgQIABABIgA&curr= 200
2026-04-30 18:12:55,596 [INFO]   → 303 vuelos encontrados. Precio mínimo: $85.0
2026-04-30 18:12:55,596 [INFO]   Esperando 7.3s antes de la siguiente consulta...
2026-04-30 18:13:02,877 [INFO]   Consultando BCN→MAD para 2026-05-21 (DTD=21)...
2026-04-30 18:13:02,996 [INFO] response: https://www.google.com/travel/flights?tfs=GhoSCjIwMjYtMDUtMjFqBRIDQkNOcgUSA01BREIBAUgBmAEC&hl=en&tfu=EgQIABABIgA&curr= 200
2026-04-30 18:13:03,727 [INFO]   → 307 vuelos encontrados. Precio mínimo: $98.0
2026-04-30 18:13:03,727 [INFO]   Esperando 4.5s antes de la siguiente consulta...
2026-04-30 18:13:08,213 [INFO]   Consultando BCN→MAD para 2026-05-30 (DTD=30)...
2026-04-30 18:13:08,440 [INFO] response: https://www.google.com/travel/flights?tfs=GhoSCjIwMjYtMDUtMzBqBRIDQkNOcgUSA01BREIBAUgBmAEC&hl=en&tfu=EgQIABABIgA&curr= 200
2026-04-30 18:13:08,754 [INFO]   → 263 vuelos encontrados. Precio mínimo: $76.0
2026-04-30 18:13:08,754 [INFO]   Esperando 5.4s antes de la siguiente consulta...
2026-04-30 18:13:14,141 [INFO]   Consultando BCN→MAD para 2026-06-14 (DTD=45)...
2026-04-30 18:13:14,282 [INFO] response: https://www.google.com/travel/flights?tfs=GhoSCjIwMjYtMDYtMTRqBRIDQkNOcgUSA01BREIBAUgBmAEC&hl=en&tfu=EgQIABABIgA&curr= 200
2026-04-30 18:13:15,313 [INFO]   → 295 vuelos encontrados. Precio mínimo: $180.0
2026-04-30 18:13:15,313 [INFO]   Esperando 8.0s antes de la siguiente consulta...
2026-04-30 18:13:23,305 [INFO]   Consultando BCN→MAD para 2026-06-29 (DTD=60)...
2026-04-30 18:13:23,474 [INFO] response: https://www.google.com/travel/flights?tfs=GhoSCjIwMjYtMDYtMjlqBRIDQkNOcgUSA01BREIBAUgBmAEC&hl=en&tfu=EgQIABABIgA&curr= 200
2026-04-30 18:13:24,285 [INFO]   → 323 vuelos encontrados. Precio mínimo: $57.0
2026-04-30 18:13:24,397 [INFO] === Sesión completada ===
2026-04-30 18:13:24,397 [INFO]   Registros nuevos:  2647
2026-04-30 18:13:24,397 [INFO]   Total acumulado:   14111
2026-04-30 18:13:24,397 [INFO]   Guardado en:       /home/runner/work/yield-management-bcn-mad/yield-management-bcn-mad/data/bcn_mad_prices.parquet
2026-04-30 18:13:24,400 [INFO]   Resumen guardado:  /home/runner/work/yield-management-bcn-mad/yield-management-bcn-mad/logs/summary_20260430_181230.json
