2026-04-17 08:25:24,258 [INFO] === Iniciando sesión de scraping 20260417_082524 ===
2026-04-17 08:25:24,259 [INFO]   Consultando BCN→MAD para 2026-04-18 (DTD=1)...
2026-04-17 08:25:24,259 [WARNING] Impersonate 'chrome_126' does not exist, using 'random'
2026-04-17 08:25:24,468 [INFO] response: https://www.google.com/travel/flights?tfs=GhoSCjIwMjYtMDQtMThqBRIDQkNOcgUSA01BREIBAUgBmAEC&hl=en&tfu=EgQIABABIgA&curr= 200
2026-04-17 08:25:26,111 [INFO]   → 287 vuelos encontrados. Precio mínimo: $86.0
2026-04-17 08:25:26,111 [INFO]   Esperando 5.2s antes de la siguiente consulta...
2026-04-17 08:25:31,324 [INFO]   Consultando BCN→MAD para 2026-04-20 (DTD=3)...
2026-04-17 08:25:31,475 [INFO] response: https://www.google.com/travel/flights?tfs=GhoSCjIwMjYtMDQtMjBqBRIDQkNOcgUSA01BREIBAUgBmAEC&hl=en&tfu=EgQIABABIgA&curr= 200
2026-04-17 08:25:32,076 [INFO]   → 273 vuelos encontrados. Precio mínimo: $68.0
2026-04-17 08:25:32,076 [INFO]   Esperando 6.1s antes de la siguiente consulta...
2026-04-17 08:25:38,160 [INFO]   Consultando BCN→MAD para 2026-04-24 (DTD=7)...
2026-04-17 08:25:38,359 [INFO] response: https://www.google.com/travel/flights?tfs=GhoSCjIwMjYtMDQtMjRqBRIDQkNOcgUSA01BREIBAUgBmAEC&hl=en&tfu=EgQIABABIgA&curr= 200
2026-04-17 08:25:39,400 [INFO]   → 277 vuelos encontrados. Precio mínimo: $78.0
2026-04-17 08:25:39,401 [INFO]   Esperando 6.3s antes de la siguiente consulta...
2026-04-17 08:25:45,710 [INFO]   Consultando BCN→MAD para 2026-04-27 (DTD=10)...
2026-04-17 08:25:45,850 [INFO] response: https://www.google.com/travel/flights?tfs=GhoSCjIwMjYtMDQtMjdqBRIDQkNOcgUSA01BREIBAUgBmAEC&hl=en&tfu=EgQIABABIgA&curr= 200
2026-04-17 08:25:46,299 [INFO]   → 313 vuelos encontrados. Precio mínimo: $68.0
2026-04-17 08:25:46,299 [INFO]   Esperando 5.4s antes de la siguiente consulta...
2026-04-17 08:25:51,696 [INFO]   Consultando BCN→MAD para 2026-05-01 (DTD=14)...
2026-04-17 08:25:51,843 [INFO] response: https://www.google.com/travel/flights?tfs=GhoSCjIwMjYtMDUtMDFqBRIDQkNOcgUSA01BREIBAUgBmAEC&hl=en&tfu=EgQIABABIgA&curr= 200
2026-04-17 08:25:53,138 [INFO]   → 295 vuelos encontrados. Precio mínimo: $56.0
2026-04-17 08:25:53,139 [INFO]   Esperando 5.7s antes de la siguiente consulta...
2026-04-17 08:25:58,798 [INFO]   Consultando BCN→MAD para 2026-05-08 (DTD=21)...
2026-04-17 08:25:58,941 [INFO] response: https://www.google.com/travel/flights?tfs=GhoSCjIwMjYtMDUtMDhqBRIDQkNOcgUSA01BREIBAUgBmAEC&hl=en&tfu=EgQIABABIgA&curr= 200
2026-04-17 08:26:00,004 [INFO]   → 299 vuelos encontrados. Precio mínimo: $87.0
2026-04-17 08:26:00,004 [INFO]   Esperando 4.0s antes de la siguiente consulta...
2026-04-17 08:26:04,028 [INFO]   Consultando BCN→MAD para 2026-05-17 (DTD=30)...
2026-04-17 08:26:04,157 [INFO] response: https://www.google.com/travel/flights?tfs=GhoSCjIwMjYtMDUtMTdqBRIDQkNOcgUSA01BREIBAUgBmAEC&hl=en&tfu=EgQIABABIgA&curr= 200
2026-04-17 08:26:05,005 [INFO]   → 309 vuelos encontrados. Precio mínimo: $99.0
2026-04-17 08:26:05,005 [INFO]   Esperando 4.2s antes de la siguiente consulta...
2026-04-17 08:26:09,217 [INFO]   Consultando BCN→MAD para 2026-06-01 (DTD=45)...
2026-04-17 08:26:09,361 [INFO] response: https://www.google.com/travel/flights?tfs=GhoSCjIwMjYtMDYtMDFqBRIDQkNOcgUSA01BREIBAUgBmAEC&hl=en&tfu=EgQIABABIgA&curr= 200
2026-04-17 08:26:10,450 [INFO]   → 295 vuelos encontrados. Precio mínimo: $94.0
2026-04-17 08:26:10,450 [INFO]   Esperando 4.9s antes de la siguiente consulta...
2026-04-17 08:26:15,308 [INFO]   Consultando BCN→MAD para 2026-06-16 (DTD=60)...
2026-04-17 08:26:15,469 [INFO] response: https://www.google.com/travel/flights?tfs=GhoSCjIwMjYtMDYtMTZqBRIDQkNOcgUSA01BREIBAUgBmAEC&hl=en&tfu=EgQIABABIgA&curr= 200
2026-04-17 08:26:16,079 [INFO]   → 305 vuelos encontrados. Precio mínimo: $86.0
2026-04-17 08:26:16,119 [INFO] === Sesión completada ===
2026-04-17 08:26:16,120 [INFO]   Registros nuevos:  2653
2026-04-17 08:26:16,120 [INFO]   Total acumulado:   571
2026-04-17 08:26:16,120 [INFO]   Guardado en:       /home/runner/work/yield-management-bcn-mad/yield-management-bcn-mad/data/bcn_mad_prices.parquet
2026-04-17 08:26:16,122 [INFO]   Resumen guardado:  /home/runner/work/yield-management-bcn-mad/yield-management-bcn-mad/logs/summary_20260417_082524.json
2026-04-17 17:52:35,295 [INFO] === Iniciando sesión de scraping 20260417_175235 ===
2026-04-17 17:52:35,295 [INFO]   Consultando BCN→MAD para 2026-04-18 (DTD=1)...
2026-04-17 17:52:35,295 [WARNING] Impersonate 'chrome_126' does not exist, using 'random'
2026-04-17 17:52:35,520 [INFO] response: https://www.google.com/travel/flights?tfs=GhoSCjIwMjYtMDQtMThqBRIDQkNOcgUSA01BREIBAUgBmAEC&hl=en&tfu=EgQIABABIgA&curr= 200
2026-04-17 17:52:36,043 [INFO]   → 269 vuelos encontrados. Precio mínimo: $112.0
2026-04-17 17:52:36,044 [INFO]   Esperando 3.2s antes de la siguiente consulta...
2026-04-17 17:52:39,226 [INFO]   Consultando BCN→MAD para 2026-04-20 (DTD=3)...
2026-04-17 17:52:39,427 [INFO] response: https://www.google.com/travel/flights?tfs=GhoSCjIwMjYtMDQtMjBqBRIDQkNOcgUSA01BREIBAUgBmAEC&hl=en&tfu=EgQIABABIgA&curr= 200
2026-04-17 17:52:40,004 [INFO]   → 275 vuelos encontrados. Precio mínimo: $78.0
2026-04-17 17:52:40,004 [INFO]   Esperando 6.5s antes de la siguiente consulta...
2026-04-17 17:52:46,489 [INFO]   Consultando BCN→MAD para 2026-04-24 (DTD=7)...
2026-04-17 17:52:46,650 [INFO] response: https://www.google.com/travel/flights?tfs=GhoSCjIwMjYtMDQtMjRqBRIDQkNOcgUSA01BREIBAUgBmAEC&hl=en&tfu=EgQIABABIgA&curr= 200
2026-04-17 17:52:47,850 [INFO]   → 261 vuelos encontrados. Precio mínimo: $78.0
2026-04-17 17:52:47,850 [INFO]   Esperando 8.0s antes de la siguiente consulta...
2026-04-17 17:52:55,833 [INFO]   Consultando BCN→MAD para 2026-04-27 (DTD=10)...
2026-04-17 17:52:56,045 [INFO] response: https://www.google.com/travel/flights?tfs=GhoSCjIwMjYtMDQtMjdqBRIDQkNOcgUSA01BREIBAUgBmAEC&hl=en&tfu=EgQIABABIgA&curr= 200
2026-04-17 17:52:56,448 [INFO]   → 319 vuelos encontrados. Precio mínimo: $68.0
2026-04-17 17:52:56,448 [INFO]   Esperando 4.7s antes de la siguiente consulta...
2026-04-17 17:53:01,173 [INFO]   Consultando BCN→MAD para 2026-05-01 (DTD=14)...
2026-04-17 17:53:01,323 [INFO] response: https://www.google.com/travel/flights?tfs=GhoSCjIwMjYtMDUtMDFqBRIDQkNOcgUSA01BREIBAUgBmAEC&hl=en&tfu=EgQIABABIgA&curr= 200
2026-04-17 17:53:02,111 [INFO]   → 291 vuelos encontrados. Precio mínimo: $31.0
2026-04-17 17:53:02,112 [INFO]   Esperando 5.4s antes de la siguiente consulta...
2026-04-17 17:53:07,536 [INFO]   Consultando BCN→MAD para 2026-05-08 (DTD=21)...
2026-04-17 17:53:07,749 [INFO] response: https://www.google.com/travel/flights?tfs=GhoSCjIwMjYtMDUtMDhqBRIDQkNOcgUSA01BREIBAUgBmAEC&hl=en&tfu=EgQIABABIgA&curr= 200
2026-04-17 17:53:09,037 [INFO]   → 283 vuelos encontrados. Precio mínimo: $87.0
2026-04-17 17:53:09,038 [INFO]   Esperando 5.3s antes de la siguiente consulta...
2026-04-17 17:53:14,319 [INFO]   Consultando BCN→MAD para 2026-05-17 (DTD=30)...
2026-04-17 17:53:14,496 [INFO] response: https://www.google.com/travel/flights?tfs=GhoSCjIwMjYtMDUtMTdqBRIDQkNOcgUSA01BREIBAUgBmAEC&hl=en&tfu=EgQIABABIgA&curr= 200
2026-04-17 17:53:15,760 [INFO]   → 303 vuelos encontrados. Precio mínimo: $105.0
2026-04-17 17:53:15,760 [INFO]   Esperando 6.0s antes de la siguiente consulta...
2026-04-17 17:53:21,760 [INFO]   Consultando BCN→MAD para 2026-06-01 (DTD=45)...
2026-04-17 17:53:21,945 [INFO] response: https://www.google.com/travel/flights?tfs=GhoSCjIwMjYtMDYtMDFqBRIDQkNOcgUSA01BREIBAUgBmAEC&hl=en&tfu=EgQIABABIgA&curr= 200
2026-04-17 17:53:22,555 [INFO]   → 297 vuelos encontrados. Precio mínimo: $94.0
2026-04-17 17:53:22,556 [INFO]   Esperando 5.9s antes de la siguiente consulta...
2026-04-17 17:53:28,459 [INFO]   Consultando BCN→MAD para 2026-06-16 (DTD=60)...
2026-04-17 17:53:28,691 [INFO] response: https://www.google.com/travel/flights?tfs=GhoSCjIwMjYtMDYtMTZqBRIDQkNOcgUSA01BREIBAUgBmAEC&hl=en&tfu=EgQIABABIgA&curr= 200
2026-04-17 17:53:29,947 [INFO]   → 295 vuelos encontrados. Precio mínimo: $86.0
2026-04-17 17:53:29,989 [INFO] === Sesión completada ===
2026-04-17 17:53:29,989 [INFO]   Registros nuevos:  2593
2026-04-17 17:53:29,989 [INFO]   Total acumulado:   1000
2026-04-17 17:53:29,989 [INFO]   Guardado en:       /home/runner/work/yield-management-bcn-mad/yield-management-bcn-mad/data/bcn_mad_prices.parquet
2026-04-17 17:53:29,991 [INFO]   Resumen guardado:  /home/runner/work/yield-management-bcn-mad/yield-management-bcn-mad/logs/summary_20260417_175235.json
