2026-04-23 08:51:05,582 [INFO] === Iniciando sesión de scraping 20260423_085105 ===
2026-04-23 08:51:05,582 [INFO]   Consultando BCN→MAD para 2026-04-24 (DTD=1)...
2026-04-23 08:51:05,582 [WARNING] Impersonate 'chrome_126' does not exist, using 'random'
2026-04-23 08:51:05,792 [INFO] response: https://www.google.com/travel/flights?tfs=GhoSCjIwMjYtMDQtMjRqBRIDQkNOcgUSA01BREIBAUgBmAEC&hl=en&tfu=EgQIABABIgA&curr= 200
2026-04-23 08:51:06,337 [INFO]   → 289 vuelos encontrados. Precio mínimo: $160.0
2026-04-23 08:51:06,337 [INFO]   Esperando 5.7s antes de la siguiente consulta...
2026-04-23 08:51:11,990 [INFO]   Consultando BCN→MAD para 2026-04-26 (DTD=3)...
2026-04-23 08:51:12,167 [INFO] response: https://www.google.com/travel/flights?tfs=GhoSCjIwMjYtMDQtMjZqBRIDQkNOcgUSA01BREIBAUgBmAEC&hl=en&tfu=EgQIABABIgA&curr= 200
2026-04-23 08:51:13,098 [INFO]   → 293 vuelos encontrados. Precio mínimo: $115.0
2026-04-23 08:51:13,098 [INFO]   Esperando 3.5s antes de la siguiente consulta...
2026-04-23 08:51:16,612 [INFO]   Consultando BCN→MAD para 2026-04-30 (DTD=7)...
2026-04-23 08:51:16,732 [INFO] response: https://www.google.com/travel/flights?tfs=GhoSCjIwMjYtMDQtMzBqBRIDQkNOcgUSA01BREIBAUgBmAEC&hl=en&tfu=EgQIABABIgA&curr= 200
2026-04-23 08:51:17,856 [INFO]   → 271 vuelos encontrados. Precio mínimo: $77.0
2026-04-23 08:51:17,856 [INFO]   Esperando 5.3s antes de la siguiente consulta...
2026-04-23 08:51:23,152 [INFO]   Consultando BCN→MAD para 2026-05-03 (DTD=10)...
2026-04-23 08:51:23,278 [INFO] response: https://www.google.com/travel/flights?tfs=GhoSCjIwMjYtMDUtMDNqBRIDQkNOcgUSA01BREIBAUgBmAEC&hl=en&tfu=EgQIABABIgA&curr= 200
2026-04-23 08:51:23,749 [INFO]   → 303 vuelos encontrados. Precio mínimo: $85.0
2026-04-23 08:51:23,749 [INFO]   Esperando 4.6s antes de la siguiente consulta...
2026-04-23 08:51:28,398 [INFO]   Consultando BCN→MAD para 2026-05-07 (DTD=14)...
2026-04-23 08:51:28,512 [INFO] response: https://www.google.com/travel/flights?tfs=GhoSCjIwMjYtMDUtMDdqBRIDQkNOcgUSA01BREIBAUgBmAEC&hl=en&tfu=EgQIABABIgA&curr= 200
2026-04-23 08:51:29,081 [INFO]   → 301 vuelos encontrados. Precio mínimo: $75.0
2026-04-23 08:51:29,081 [INFO]   Esperando 4.0s antes de la siguiente consulta...
2026-04-23 08:51:33,035 [INFO]   Consultando BCN→MAD para 2026-05-14 (DTD=21)...
2026-04-23 08:51:33,153 [INFO] response: https://www.google.com/travel/flights?tfs=GhoSCjIwMjYtMDUtMTRqBRIDQkNOcgUSA01BREIBAUgBmAEC&hl=en&tfu=EgQIABABIgA&curr= 200
2026-04-23 08:51:34,336 [INFO]   → 349 vuelos encontrados. Precio mínimo: $77.0
2026-04-23 08:51:34,336 [INFO]   Esperando 5.9s antes de la siguiente consulta...
2026-04-23 08:51:40,257 [INFO]   Consultando BCN→MAD para 2026-05-23 (DTD=30)...
2026-04-23 08:51:40,419 [INFO] response: https://www.google.com/travel/flights?tfs=GhoSCjIwMjYtMDUtMjNqBRIDQkNOcgUSA01BREIBAUgBmAEC&hl=en&tfu=EgQIABABIgA&curr= 200
2026-04-23 08:51:41,332 [INFO]   → 289 vuelos encontrados. Precio mínimo: $77.0
2026-04-23 08:51:41,332 [INFO]   Esperando 7.7s antes de la siguiente consulta...
2026-04-23 08:51:49,018 [INFO]   Consultando BCN→MAD para 2026-06-07 (DTD=45)...
2026-04-23 08:51:49,159 [INFO] response: https://www.google.com/travel/flights?tfs=GhoSCjIwMjYtMDYtMDdqBRIDQkNOcgUSA01BREIBAUgBmAEC&hl=en&tfu=EgQIABABIgA&curr= 200
2026-04-23 08:51:50,436 [INFO]   → 313 vuelos encontrados. Precio mínimo: $179.0
2026-04-23 08:51:50,436 [INFO]   Esperando 7.9s antes de la siguiente consulta...
2026-04-23 08:51:58,369 [INFO]   Consultando BCN→MAD para 2026-06-22 (DTD=60)...
2026-04-23 08:51:58,510 [INFO] response: https://www.google.com/travel/flights?tfs=GhoSCjIwMjYtMDYtMjJqBRIDQkNOcgUSA01BREIBAUgBmAEC&hl=en&tfu=EgQIABABIgA&curr= 200
2026-04-23 08:51:59,785 [INFO]   → 323 vuelos encontrados. Precio mínimo: $89.0
2026-04-23 08:51:59,859 [INFO] === Sesión completada ===
2026-04-23 08:51:59,860 [INFO]   Registros nuevos:  2731
2026-04-23 08:51:59,860 [INFO]   Total acumulado:   6539
2026-04-23 08:51:59,860 [INFO]   Guardado en:       /home/runner/work/yield-management-bcn-mad/yield-management-bcn-mad/data/bcn_mad_prices.parquet
2026-04-23 08:51:59,862 [INFO]   Resumen guardado:  /home/runner/work/yield-management-bcn-mad/yield-management-bcn-mad/logs/summary_20260423_085105.json
2026-04-23 18:07:35,088 [INFO] === Iniciando sesión de scraping 20260423_180735 ===
2026-04-23 18:07:35,088 [INFO]   Consultando BCN→MAD para 2026-04-24 (DTD=1)...
2026-04-23 18:07:35,088 [WARNING] Impersonate 'chrome_126' does not exist, using 'random'
2026-04-23 18:07:35,463 [INFO] response: https://www.google.com/travel/flights?tfs=GhoSCjIwMjYtMDQtMjRqBRIDQkNOcgUSA01BREIBAUgBmAEC&hl=en&tfu=EgQIABABIgA&curr= 200
2026-04-23 18:07:36,019 [INFO]   → 277 vuelos encontrados. Precio mínimo: $160.0
2026-04-23 18:07:36,019 [INFO]   Esperando 7.7s antes de la siguiente consulta...
2026-04-23 18:07:43,748 [INFO]   Consultando BCN→MAD para 2026-04-26 (DTD=3)...
2026-04-23 18:07:43,927 [INFO] response: https://www.google.com/travel/flights?tfs=GhoSCjIwMjYtMDQtMjZqBRIDQkNOcgUSA01BREIBAUgBmAEC&hl=en&tfu=EgQIABABIgA&curr= 200
2026-04-23 18:07:45,434 [INFO]   → 301 vuelos encontrados. Precio mínimo: $150.0
2026-04-23 18:07:45,434 [INFO]   Esperando 7.1s antes de la siguiente consulta...
2026-04-23 18:07:52,571 [INFO]   Consultando BCN→MAD para 2026-04-30 (DTD=7)...
2026-04-23 18:07:52,715 [INFO] response: https://www.google.com/travel/flights?tfs=GhoSCjIwMjYtMDQtMzBqBRIDQkNOcgUSA01BREIBAUgBmAEC&hl=en&tfu=EgQIABABIgA&curr= 200
2026-04-23 18:07:54,086 [INFO]   → 281 vuelos encontrados. Precio mínimo: $68.0
2026-04-23 18:07:54,087 [INFO]   Esperando 5.1s antes de la siguiente consulta...
2026-04-23 18:07:59,172 [INFO]   Consultando BCN→MAD para 2026-05-03 (DTD=10)...
2026-04-23 18:07:59,344 [INFO] response: https://www.google.com/travel/flights?tfs=GhoSCjIwMjYtMDUtMDNqBRIDQkNOcgUSA01BREIBAUgBmAEC&hl=en&tfu=EgQIABABIgA&curr= 200
2026-04-23 18:07:59,786 [INFO]   → 289 vuelos encontrados. Precio mínimo: $115.0
2026-04-23 18:07:59,786 [INFO]   Esperando 5.4s antes de la siguiente consulta...
2026-04-23 18:08:05,228 [INFO]   Consultando BCN→MAD para 2026-05-07 (DTD=14)...
2026-04-23 18:08:05,526 [INFO] response: https://www.google.com/travel/flights?tfs=GhoSCjIwMjYtMDUtMDdqBRIDQkNOcgUSA01BREIBAUgBmAEC&hl=en&tfu=EgQIABABIgA&curr= 200
2026-04-23 18:08:07,752 [INFO]   → 301 vuelos encontrados. Precio mínimo: $77.0
2026-04-23 18:08:07,752 [INFO]   Esperando 4.5s antes de la siguiente consulta...
2026-04-23 18:08:12,239 [INFO]   Consultando BCN→MAD para 2026-05-14 (DTD=21)...
2026-04-23 18:08:12,436 [INFO] response: https://www.google.com/travel/flights?tfs=GhoSCjIwMjYtMDUtMTRqBRIDQkNOcgUSA01BREIBAUgBmAEC&hl=en&tfu=EgQIABABIgA&curr= 200
2026-04-23 18:08:13,978 [INFO]   → 347 vuelos encontrados. Precio mínimo: $77.0
2026-04-23 18:08:13,978 [INFO]   Esperando 6.5s antes de la siguiente consulta...
2026-04-23 18:08:20,499 [INFO]   Consultando BCN→MAD para 2026-05-23 (DTD=30)...
2026-04-23 18:08:20,633 [INFO] response: https://www.google.com/travel/flights?tfs=GhoSCjIwMjYtMDUtMjNqBRIDQkNOcgUSA01BREIBAUgBmAEC&hl=en&tfu=EgQIABABIgA&curr= 200
2026-04-23 18:08:21,599 [INFO]   → 291 vuelos encontrados. Precio mínimo: $77.0
2026-04-23 18:08:21,599 [INFO]   Esperando 6.2s antes de la siguiente consulta...
2026-04-23 18:08:27,764 [INFO]   Consultando BCN→MAD para 2026-06-07 (DTD=45)...
2026-04-23 18:08:27,993 [INFO] response: https://www.google.com/travel/flights?tfs=GhoSCjIwMjYtMDYtMDdqBRIDQkNOcgUSA01BREIBAUgBmAEC&hl=en&tfu=EgQIABABIgA&curr= 200
2026-04-23 18:08:30,130 [INFO]   → 315 vuelos encontrados. Precio mínimo: $179.0
2026-04-23 18:08:30,130 [INFO]   Esperando 5.7s antes de la siguiente consulta...
2026-04-23 18:08:35,789 [INFO]   Consultando BCN→MAD para 2026-06-22 (DTD=60)...
2026-04-23 18:08:35,976 [INFO] response: https://www.google.com/travel/flights?tfs=GhoSCjIwMjYtMDYtMjJqBRIDQkNOcgUSA01BREIBAUgBmAEC&hl=en&tfu=EgQIABABIgA&curr= 200
2026-04-23 18:08:37,927 [INFO]   → 315 vuelos encontrados. Precio mínimo: $89.0
2026-04-23 18:08:38,004 [INFO] === Sesión completada ===
2026-04-23 18:08:38,005 [INFO]   Registros nuevos:  2717
2026-04-23 18:08:38,005 [INFO]   Total acumulado:   7136
2026-04-23 18:08:38,005 [INFO]   Guardado en:       /home/runner/work/yield-management-bcn-mad/yield-management-bcn-mad/data/bcn_mad_prices.parquet
2026-04-23 18:08:38,007 [INFO]   Resumen guardado:  /home/runner/work/yield-management-bcn-mad/yield-management-bcn-mad/logs/summary_20260423_180735.json
