2026-04-27 09:14:45,001 [INFO] === Iniciando sesión de scraping 20260427_091445 ===
2026-04-27 09:14:45,001 [INFO]   Consultando BCN→MAD para 2026-04-28 (DTD=1)...
2026-04-27 09:14:45,001 [WARNING] Impersonate 'chrome_126' does not exist, using 'random'
2026-04-27 09:14:45,194 [INFO] response: https://www.google.com/travel/flights?tfs=GhoSCjIwMjYtMDQtMjhqBRIDQkNOcgUSA01BREIBAUgBmAEC&hl=en&tfu=EgQIABABIgA&curr= 200
2026-04-27 09:14:46,370 [INFO]   → 297 vuelos encontrados. Precio mínimo: $140.0
2026-04-27 09:14:46,370 [INFO]   Esperando 3.8s antes de la siguiente consulta...
2026-04-27 09:14:50,189 [INFO]   Consultando BCN→MAD para 2026-04-30 (DTD=3)...
2026-04-27 09:14:50,512 [INFO] response: https://www.google.com/travel/flights?tfs=GhoSCjIwMjYtMDQtMzBqBRIDQkNOcgUSA01BREIBAUgBmAEC&hl=en&tfu=EgQIABABIgA&curr= 200
2026-04-27 09:14:51,117 [INFO]   → 239 vuelos encontrados. Precio mínimo: $68.0
2026-04-27 09:14:51,118 [INFO]   Esperando 4.6s antes de la siguiente consulta...
2026-04-27 09:14:55,712 [INFO]   Consultando BCN→MAD para 2026-05-04 (DTD=7)...
2026-04-27 09:14:55,866 [INFO] response: https://www.google.com/travel/flights?tfs=GhoSCjIwMjYtMDUtMDRqBRIDQkNOcgUSA01BREIBAUgBmAEC&hl=en&tfu=EgQIABABIgA&curr= 200
2026-04-27 09:14:57,193 [INFO]   → 325 vuelos encontrados. Precio mínimo: $68.0
2026-04-27 09:14:57,193 [INFO]   Esperando 3.4s antes de la siguiente consulta...
2026-04-27 09:15:00,617 [INFO]   Consultando BCN→MAD para 2026-05-07 (DTD=10)...
2026-04-27 09:15:00,907 [INFO] response: https://www.google.com/travel/flights?tfs=GhoSCjIwMjYtMDUtMDdqBRIDQkNOcgUSA01BREIBAUgBmAEC&hl=en&tfu=EgQIABABIgA&curr= 200
2026-04-27 09:15:01,279 [INFO]   → 291 vuelos encontrados. Precio mínimo: $77.0
2026-04-27 09:15:01,279 [INFO]   Esperando 6.4s antes de la siguiente consulta...
2026-04-27 09:15:07,724 [INFO]   Consultando BCN→MAD para 2026-05-11 (DTD=14)...
2026-04-27 09:15:08,005 [INFO] response: https://www.google.com/travel/flights?tfs=GhoSCjIwMjYtMDUtMTFqBRIDQkNOcgUSA01BREIBAUgBmAEC&hl=en&tfu=EgQIABABIgA&curr= 200
2026-04-27 09:15:09,110 [INFO]   → 303 vuelos encontrados. Precio mínimo: $68.0
2026-04-27 09:15:09,111 [INFO]   Esperando 7.1s antes de la siguiente consulta...
2026-04-27 09:15:16,211 [INFO]   Consultando BCN→MAD para 2026-05-18 (DTD=21)...
2026-04-27 09:15:16,371 [INFO] response: https://www.google.com/travel/flights?tfs=GhoSCjIwMjYtMDUtMThqBRIDQkNOcgUSA01BREIBAUgBmAEC&hl=en&tfu=EgQIABABIgA&curr= 200
2026-04-27 09:15:17,009 [INFO]   → 301 vuelos encontrados. Precio mínimo: $68.0
2026-04-27 09:15:17,009 [INFO]   Esperando 3.7s antes de la siguiente consulta...
2026-04-27 09:15:20,693 [INFO]   Consultando BCN→MAD para 2026-05-27 (DTD=30)...
2026-04-27 09:15:20,828 [INFO] response: https://www.google.com/travel/flights?tfs=GhoSCjIwMjYtMDUtMjdqBRIDQkNOcgUSA01BREIBAUgBmAEC&hl=en&tfu=EgQIABABIgA&curr= 200
2026-04-27 09:15:21,241 [INFO]   → 345 vuelos encontrados. Precio mínimo: $76.0
2026-04-27 09:15:21,241 [INFO]   Esperando 4.2s antes de la siguiente consulta...
2026-04-27 09:15:25,469 [INFO]   Consultando BCN→MAD para 2026-06-11 (DTD=45)...
2026-04-27 09:15:25,639 [INFO] response: https://www.google.com/travel/flights?tfs=GhoSCjIwMjYtMDYtMTFqBRIDQkNOcgUSA01BREIBAUgBmAEC&hl=en&tfu=EgQIABABIgA&curr= 200
2026-04-27 09:15:26,566 [INFO]   → 303 vuelos encontrados. Precio mínimo: $109.0
2026-04-27 09:15:26,566 [INFO]   Esperando 5.2s antes de la siguiente consulta...
2026-04-27 09:15:31,761 [INFO]   Consultando BCN→MAD para 2026-06-26 (DTD=60)...
2026-04-27 09:15:32,052 [INFO] response: https://www.google.com/travel/flights?tfs=GhoSCjIwMjYtMDYtMjZqBRIDQkNOcgUSA01BREIBAUgBmAEC&hl=en&tfu=EgQIABABIgA&curr= 200
2026-04-27 09:15:32,980 [INFO]   → 307 vuelos encontrados. Precio mínimo: $104.0
2026-04-27 09:15:33,081 [INFO] === Sesión completada ===
2026-04-27 09:15:33,081 [INFO]   Registros nuevos:  2711
2026-04-27 09:15:33,081 [INFO]   Total acumulado:   10558
2026-04-27 09:15:33,081 [INFO]   Guardado en:       /home/runner/work/yield-management-bcn-mad/yield-management-bcn-mad/data/bcn_mad_prices.parquet
2026-04-27 09:15:33,083 [INFO]   Resumen guardado:  /home/runner/work/yield-management-bcn-mad/yield-management-bcn-mad/logs/summary_20260427_091445.json
