2026-04-25 08:03:52,265 [INFO] === Iniciando sesión de scraping 20260425_080352 ===
2026-04-25 08:03:52,265 [INFO]   Consultando BCN→MAD para 2026-04-26 (DTD=1)...
2026-04-25 08:03:52,265 [WARNING] Impersonate 'chrome_126' does not exist, using 'random'
2026-04-25 08:03:52,551 [INFO] response: https://www.google.com/travel/flights?tfs=GhoSCjIwMjYtMDQtMjZqBRIDQkNOcgUSA01BREIBAUgBmAEC&hl=en&tfu=EgQIABABIgA&curr= 200
2026-04-25 08:03:54,006 [INFO]   → 289 vuelos encontrados. Precio mínimo: $145.0
2026-04-25 08:03:54,006 [INFO]   Esperando 5.6s antes de la siguiente consulta...
2026-04-25 08:03:59,626 [INFO]   Consultando BCN→MAD para 2026-04-28 (DTD=3)...
2026-04-25 08:03:59,767 [INFO] response: https://www.google.com/travel/flights?tfs=GhoSCjIwMjYtMDQtMjhqBRIDQkNOcgUSA01BREIBAUgBmAEC&hl=en&tfu=EgQIABABIgA&curr= 200
2026-04-25 08:04:00,185 [INFO]   → 291 vuelos encontrados. Precio mínimo: $68.0
2026-04-25 08:04:00,186 [INFO]   Esperando 3.0s antes de la siguiente consulta...
2026-04-25 08:04:03,198 [INFO]   Consultando BCN→MAD para 2026-05-02 (DTD=7)...
2026-04-25 08:04:03,390 [INFO] response: https://www.google.com/travel/flights?tfs=GhoSCjIwMjYtMDUtMDJqBRIDQkNOcgUSA01BREIBAUgBmAEC&hl=en&tfu=EgQIABABIgA&curr= 200
2026-04-25 08:04:04,796 [INFO]   → 313 vuelos encontrados. Precio mínimo: $68.0
2026-04-25 08:04:04,796 [INFO]   Esperando 4.4s antes de la siguiente consulta...
2026-04-25 08:04:09,230 [INFO]   Consultando BCN→MAD para 2026-05-05 (DTD=10)...
2026-04-25 08:04:09,471 [INFO] response: https://www.google.com/travel/flights?tfs=GhoSCjIwMjYtMDUtMDVqBRIDQkNOcgUSA01BREIBAUgBmAEC&hl=en&tfu=EgQIABABIgA&curr= 200
2026-04-25 08:04:09,883 [INFO]   → 293 vuelos encontrados. Precio mínimo: $68.0
2026-04-25 08:04:09,884 [INFO]   Esperando 5.3s antes de la siguiente consulta...
2026-04-25 08:04:15,155 [INFO]   Consultando BCN→MAD para 2026-05-09 (DTD=14)...
2026-04-25 08:04:15,403 [INFO] response: https://www.google.com/travel/flights?tfs=GhoSCjIwMjYtMDUtMDlqBRIDQkNOcgUSA01BREIBAUgBmAEC&hl=en&tfu=EgQIABABIgA&curr= 200
2026-04-25 08:04:15,802 [INFO]   → 307 vuelos encontrados. Precio mínimo: $60.0
2026-04-25 08:04:15,802 [INFO]   Esperando 4.0s antes de la siguiente consulta...
2026-04-25 08:04:19,834 [INFO]   Consultando BCN→MAD para 2026-05-16 (DTD=21)...
2026-04-25 08:04:19,998 [INFO] response: https://www.google.com/travel/flights?tfs=GhoSCjIwMjYtMDUtMTZqBRIDQkNOcgUSA01BREIBAUgBmAEC&hl=en&tfu=EgQIABABIgA&curr= 200
2026-04-25 08:04:20,524 [INFO]   → 307 vuelos encontrados. Precio mínimo: $57.0
2026-04-25 08:04:20,524 [INFO]   Esperando 5.2s antes de la siguiente consulta...
2026-04-25 08:04:25,738 [INFO]   Consultando BCN→MAD para 2026-05-25 (DTD=30)...
2026-04-25 08:04:25,947 [INFO] response: https://www.google.com/travel/flights?tfs=GhoSCjIwMjYtMDUtMjVqBRIDQkNOcgUSA01BREIBAUgBmAEC&hl=en&tfu=EgQIABABIgA&curr= 200
2026-04-25 08:04:26,929 [INFO]   → 311 vuelos encontrados. Precio mínimo: $84.0
2026-04-25 08:04:26,929 [INFO]   Esperando 6.9s antes de la siguiente consulta...
2026-04-25 08:04:33,801 [INFO]   Consultando BCN→MAD para 2026-06-09 (DTD=45)...
2026-04-25 08:04:33,984 [INFO] response: https://www.google.com/travel/flights?tfs=GhoSCjIwMjYtMDYtMDlqBRIDQkNOcgUSA01BREIBAUgBmAEC&hl=en&tfu=EgQIABABIgA&curr= 200
2026-04-25 08:04:34,854 [INFO]   → 311 vuelos encontrados. Precio mínimo: $89.0
2026-04-25 08:04:34,854 [INFO]   Esperando 3.4s antes de la siguiente consulta...
2026-04-25 08:04:38,242 [INFO]   Consultando BCN→MAD para 2026-06-24 (DTD=60)...
2026-04-25 08:04:38,390 [INFO] response: https://www.google.com/travel/flights?tfs=GhoSCjIwMjYtMDYtMjRqBRIDQkNOcgUSA01BREIBAUgBmAEC&hl=en&tfu=EgQIABABIgA&curr= 200
2026-04-25 08:04:39,822 [INFO]   → 321 vuelos encontrados. Precio mínimo: $109.0
2026-04-25 08:04:39,911 [INFO] === Sesión completada ===
2026-04-25 08:04:39,911 [INFO]   Registros nuevos:  2743
2026-04-25 08:04:39,911 [INFO]   Total acumulado:   8394
2026-04-25 08:04:39,911 [INFO]   Guardado en:       /home/runner/work/yield-management-bcn-mad/yield-management-bcn-mad/data/bcn_mad_prices.parquet
2026-04-25 08:04:39,914 [INFO]   Resumen guardado:  /home/runner/work/yield-management-bcn-mad/yield-management-bcn-mad/logs/summary_20260425_080352.json
