2026-05-01 08:57:37,746 [INFO] === Iniciando sesión de scraping 20260501_085737 ===
2026-05-01 08:57:37,746 [INFO]   Consultando BCN→MAD para 2026-05-02 (DTD=1)...
2026-05-01 08:57:37,746 [WARNING] Impersonate 'chrome_126' does not exist, using 'random'
2026-05-01 08:57:38,001 [INFO] response: https://www.google.com/travel/flights?tfs=GhoSCjIwMjYtMDUtMDJqBRIDQkNOcgUSA01BREIBAUgBmAEC&hl=en&tfu=EgQIABABIgA&curr= 200
2026-05-01 08:57:39,292 [INFO]   → 293 vuelos encontrados. Precio mínimo: $60.0
2026-05-01 08:57:39,293 [INFO]   Esperando 6.3s antes de la siguiente consulta...
2026-05-01 08:57:45,584 [INFO]   Consultando BCN→MAD para 2026-05-04 (DTD=3)...
2026-05-01 08:57:45,726 [INFO] response: https://www.google.com/travel/flights?tfs=GhoSCjIwMjYtMDUtMDRqBRIDQkNOcgUSA01BREIBAUgBmAEC&hl=en&tfu=EgQIABABIgA&curr= 200
2026-05-01 08:57:46,232 [INFO]   → 295 vuelos encontrados. Precio mínimo: $98.0
2026-05-01 08:57:46,232 [INFO]   Esperando 3.5s antes de la siguiente consulta...
2026-05-01 08:57:49,700 [INFO]   Consultando BCN→MAD para 2026-05-08 (DTD=7)...
2026-05-01 08:57:49,890 [INFO] response: https://www.google.com/travel/flights?tfs=GhoSCjIwMjYtMDUtMDhqBRIDQkNOcgUSA01BREIBAUgBmAEC&hl=en&tfu=EgQIABABIgA&curr= 200
2026-05-01 08:57:51,132 [INFO]   → 273 vuelos encontrados. Precio mínimo: $68.0
2026-05-01 08:57:51,132 [INFO]   Esperando 5.3s antes de la siguiente consulta...
2026-05-01 08:57:56,481 [INFO]   Consultando BCN→MAD para 2026-05-11 (DTD=10)...
2026-05-01 08:57:56,629 [INFO] response: https://www.google.com/travel/flights?tfs=GhoSCjIwMjYtMDUtMTFqBRIDQkNOcgUSA01BREIBAUgBmAEC&hl=en&tfu=EgQIABABIgA&curr= 200
2026-05-01 08:57:57,873 [INFO]   → 287 vuelos encontrados. Precio mínimo: $68.0
2026-05-01 08:57:57,873 [INFO]   Esperando 6.5s antes de la siguiente consulta...
2026-05-01 08:58:04,337 [INFO]   Consultando BCN→MAD para 2026-05-15 (DTD=14)...
2026-05-01 08:58:04,460 [INFO] response: https://www.google.com/travel/flights?tfs=GhoSCjIwMjYtMDUtMTVqBRIDQkNOcgUSA01BREIBAUgBmAEC&hl=en&tfu=EgQIABABIgA&curr= 200
2026-05-01 08:58:05,796 [INFO]   → 299 vuelos encontrados. Precio mínimo: $57.0
2026-05-01 08:58:05,797 [INFO]   Esperando 3.9s antes de la siguiente consulta...
2026-05-01 08:58:09,662 [INFO]   Consultando BCN→MAD para 2026-05-22 (DTD=21)...
2026-05-01 08:58:09,788 [INFO] response: https://www.google.com/travel/flights?tfs=GhoSCjIwMjYtMDUtMjJqBRIDQkNOcgUSA01BREIBAUgBmAEC&hl=en&tfu=EgQIABABIgA&curr= 200
2026-05-01 08:58:10,791 [INFO]   → 269 vuelos encontrados. Precio mínimo: $77.0
2026-05-01 08:58:10,791 [INFO]   Esperando 3.3s antes de la siguiente consulta...
2026-05-01 08:58:14,100 [INFO]   Consultando BCN→MAD para 2026-05-31 (DTD=30)...
2026-05-01 08:58:14,315 [INFO] response: https://www.google.com/travel/flights?tfs=GhoSCjIwMjYtMDUtMzFqBRIDQkNOcgUSA01BREIBAUgBmAEC&hl=en&tfu=EgQIABABIgA&curr= 200
2026-05-01 08:58:15,606 [INFO]   → 291 vuelos encontrados. Precio mínimo: $125.0
2026-05-01 08:58:15,607 [INFO]   Esperando 5.1s antes de la siguiente consulta...
2026-05-01 08:58:20,738 [INFO]   Consultando BCN→MAD para 2026-06-15 (DTD=45)...
2026-05-01 08:58:20,960 [INFO] response: https://www.google.com/travel/flights?tfs=GhoSCjIwMjYtMDYtMTVqBRIDQkNOcgUSA01BREIBAUgBmAEC&hl=en&tfu=EgQIABABIgA&curr= 200
2026-05-01 08:58:22,235 [INFO]   → 301 vuelos encontrados. Precio mínimo: $61.0
2026-05-01 08:58:22,235 [INFO]   Esperando 6.7s antes de la siguiente consulta...
2026-05-01 08:58:28,958 [INFO]   Consultando BCN→MAD para 2026-06-30 (DTD=60)...
2026-05-01 08:58:29,107 [INFO] response: https://www.google.com/travel/flights?tfs=GhoSCjIwMjYtMDYtMzBqBRIDQkNOcgUSA01BREIBAUgBmAEC&hl=en&tfu=EgQIABABIgA&curr= 200
2026-05-01 08:58:29,478 [INFO]   → 323 vuelos encontrados. Precio mínimo: $66.0
2026-05-01 08:58:29,598 [INFO] === Sesión completada ===
2026-05-01 08:58:29,599 [INFO]   Registros nuevos:  2631
2026-05-01 08:58:29,599 [INFO]   Total acumulado:   14720
2026-05-01 08:58:29,599 [INFO]   Guardado en:       /home/runner/work/yield-management-bcn-mad/yield-management-bcn-mad/data/bcn_mad_prices.parquet
2026-05-01 08:58:29,601 [INFO]   Resumen guardado:  /home/runner/work/yield-management-bcn-mad/yield-management-bcn-mad/logs/summary_20260501_085737.json
