2026-05-02 08:19:43,224 [INFO] === Iniciando sesión de scraping 20260502_081943 ===
2026-05-02 08:19:43,224 [INFO]   Consultando BCN→MAD para 2026-05-03 (DTD=1)...
2026-05-02 08:19:43,224 [WARNING] Impersonate 'chrome_126' does not exist, using 'random'
2026-05-02 08:19:43,493 [INFO] response: https://www.google.com/travel/flights?tfs=GhoSCjIwMjYtMDUtMDNqBRIDQkNOcgUSA01BREIBAUgBmAEC&hl=en&tfu=EgQIABABIgA&curr= 200
2026-05-02 08:19:44,814 [INFO]   → 291 vuelos encontrados. Precio mínimo: $115.0
2026-05-02 08:19:44,814 [INFO]   Esperando 4.4s antes de la siguiente consulta...
2026-05-02 08:19:49,177 [INFO]   Consultando BCN→MAD para 2026-05-05 (DTD=3)...
2026-05-02 08:19:49,355 [INFO] response: https://www.google.com/travel/flights?tfs=GhoSCjIwMjYtMDUtMDVqBRIDQkNOcgUSA01BREIBAUgBmAEC&hl=en&tfu=EgQIABABIgA&curr= 200
2026-05-02 08:19:49,692 [INFO]   → 269 vuelos encontrados. Precio mínimo: $85.0
2026-05-02 08:19:49,692 [INFO]   Esperando 3.2s antes de la siguiente consulta...
2026-05-02 08:19:52,853 [INFO]   Consultando BCN→MAD para 2026-05-09 (DTD=7)...
2026-05-02 08:19:53,046 [INFO] response: https://www.google.com/travel/flights?tfs=GhoSCjIwMjYtMDUtMDlqBRIDQkNOcgUSA01BREIBAUgBmAEC&hl=en&tfu=EgQIABABIgA&curr= 200
2026-05-02 08:19:53,623 [INFO]   → 283 vuelos encontrados. Precio mínimo: $68.0
2026-05-02 08:19:53,624 [INFO]   Esperando 6.1s antes de la siguiente consulta...
2026-05-02 08:19:59,751 [INFO]   Consultando BCN→MAD para 2026-05-12 (DTD=10)...
2026-05-02 08:20:00,039 [INFO] response: https://www.google.com/travel/flights?tfs=GhoSCjIwMjYtMDUtMTJqBRIDQkNOcgUSA01BREIBAUgBmAEC&hl=en&tfu=EgQIABABIgA&curr= 200
2026-05-02 08:20:00,925 [INFO]   → 319 vuelos encontrados. Precio mínimo: $68.0
2026-05-02 08:20:00,925 [INFO]   Esperando 7.4s antes de la siguiente consulta...
2026-05-02 08:20:08,374 [INFO]   Consultando BCN→MAD para 2026-05-16 (DTD=14)...
2026-05-02 08:20:08,563 [INFO] response: https://www.google.com/travel/flights?tfs=GhoSCjIwMjYtMDUtMTZqBRIDQkNOcgUSA01BREIBAUgBmAEC&hl=en&tfu=EgQIABABIgA&curr= 200
2026-05-02 08:20:09,350 [INFO]   → 299 vuelos encontrados. Precio mínimo: $60.0
2026-05-02 08:20:09,350 [INFO]   Esperando 3.7s antes de la siguiente consulta...
2026-05-02 08:20:13,064 [INFO]   Consultando BCN→MAD para 2026-05-23 (DTD=21)...
2026-05-02 08:20:13,308 [INFO] response: https://www.google.com/travel/flights?tfs=GhoSCjIwMjYtMDUtMjNqBRIDQkNOcgUSA01BREIBAUgBmAEC&hl=en&tfu=EgQIABABIgA&curr= 200
2026-05-02 08:20:13,933 [INFO]   → 287 vuelos encontrados. Precio mínimo: $60.0
2026-05-02 08:20:13,934 [INFO]   Esperando 7.9s antes de la siguiente consulta...
2026-05-02 08:20:21,857 [INFO]   Consultando BCN→MAD para 2026-06-01 (DTD=30)...
2026-05-02 08:20:21,994 [INFO] response: https://www.google.com/travel/flights?tfs=GhoSCjIwMjYtMDYtMDFqBRIDQkNOcgUSA01BREIBAUgBmAEC&hl=en&tfu=EgQIABABIgA&curr= 200
2026-05-02 08:20:22,789 [INFO]   → 311 vuelos encontrados. Precio mínimo: $66.0
2026-05-02 08:20:22,789 [INFO]   Esperando 6.6s antes de la siguiente consulta...
2026-05-02 08:20:29,403 [INFO]   Consultando BCN→MAD para 2026-06-16 (DTD=45)...
2026-05-02 08:20:29,607 [INFO] response: https://www.google.com/travel/flights?tfs=GhoSCjIwMjYtMDYtMTZqBRIDQkNOcgUSA01BREIBAUgBmAEC&hl=en&tfu=EgQIABABIgA&curr= 200
2026-05-02 08:20:30,507 [INFO]   → 307 vuelos encontrados. Precio mínimo: $76.0
2026-05-02 08:20:30,507 [INFO]   Esperando 4.5s antes de la siguiente consulta...
2026-05-02 08:20:35,000 [INFO]   Consultando BCN→MAD para 2026-07-01 (DTD=60)...
2026-05-02 08:20:35,196 [INFO] response: https://www.google.com/travel/flights?tfs=GhoSCjIwMjYtMDctMDFqBRIDQkNOcgUSA01BREIBAUgBmAEC&hl=en&tfu=EgQIABABIgA&curr= 200
2026-05-02 08:20:36,968 [INFO]   → 321 vuelos encontrados. Precio mínimo: $85.0
2026-05-02 08:20:37,090 [INFO] === Sesión completada ===
2026-05-02 08:20:37,090 [INFO]   Registros nuevos:  2687
2026-05-02 08:20:37,090 [INFO]   Total acumulado:   15610
2026-05-02 08:20:37,090 [INFO]   Guardado en:       /home/runner/work/yield-management-bcn-mad/yield-management-bcn-mad/data/bcn_mad_prices.parquet
2026-05-02 08:20:37,093 [INFO]   Resumen guardado:  /home/runner/work/yield-management-bcn-mad/yield-management-bcn-mad/logs/summary_20260502_081943.json
