2026-04-22 08:28:12,967 [INFO] === Iniciando sesión de scraping 20260422_082812 ===
2026-04-22 08:28:12,967 [INFO]   Consultando BCN→MAD para 2026-04-23 (DTD=1)...
2026-04-22 08:28:12,967 [WARNING] Impersonate 'chrome_126' does not exist, using 'random'
2026-04-22 08:28:13,214 [INFO] response: https://www.google.com/travel/flights?tfs=GhoSCjIwMjYtMDQtMjNqBRIDQkNOcgUSA01BREIBAUgBmAEC&hl=en&tfu=EgQIABABIgA&curr= 200
2026-04-22 08:28:14,253 [INFO]   → 285 vuelos encontrados. Precio mínimo: $126.0
2026-04-22 08:28:14,253 [INFO]   Esperando 3.6s antes de la siguiente consulta...
2026-04-22 08:28:17,866 [INFO]   Consultando BCN→MAD para 2026-04-25 (DTD=3)...
2026-04-22 08:28:18,052 [INFO] response: https://www.google.com/travel/flights?tfs=GhoSCjIwMjYtMDQtMjVqBRIDQkNOcgUSA01BREIBAUgBmAEC&hl=en&tfu=EgQIABABIgA&curr= 200
2026-04-22 08:28:18,487 [INFO]   → 301 vuelos encontrados. Precio mínimo: $68.0
2026-04-22 08:28:18,487 [INFO]   Esperando 7.0s antes de la siguiente consulta...
2026-04-22 08:28:25,462 [INFO]   Consultando BCN→MAD para 2026-04-29 (DTD=7)...
2026-04-22 08:28:25,737 [INFO] response: https://www.google.com/travel/flights?tfs=GhoSCjIwMjYtMDQtMjlqBRIDQkNOcgUSA01BREIBAUgBmAEC&hl=en&tfu=EgQIABABIgA&curr= 200
2026-04-22 08:28:26,214 [INFO]   → 299 vuelos encontrados. Precio mínimo: $112.0
2026-04-22 08:28:26,214 [INFO]   Esperando 6.6s antes de la siguiente consulta...
2026-04-22 08:28:32,856 [INFO]   Consultando BCN→MAD para 2026-05-02 (DTD=10)...
2026-04-22 08:28:33,013 [INFO] response: https://www.google.com/travel/flights?tfs=GhoSCjIwMjYtMDUtMDJqBRIDQkNOcgUSA01BREIBAUgBmAEC&hl=en&tfu=EgQIABABIgA&curr= 200
2026-04-22 08:28:34,468 [INFO]   → 303 vuelos encontrados. Precio mínimo: $66.0
2026-04-22 08:28:34,468 [INFO]   Esperando 7.2s antes de la siguiente consulta...
2026-04-22 08:28:41,700 [INFO]   Consultando BCN→MAD para 2026-05-06 (DTD=14)...
2026-04-22 08:28:41,812 [INFO] response: https://www.google.com/travel/flights?tfs=GhoSCjIwMjYtMDUtMDZqBRIDQkNOcgUSA01BREIBAUgBmAEC&hl=en&tfu=EgQIABABIgA&curr= 200
2026-04-22 08:28:42,971 [INFO]   → 299 vuelos encontrados. Precio mínimo: $99.0
2026-04-22 08:28:42,971 [INFO]   Esperando 7.8s antes de la siguiente consulta...
2026-04-22 08:28:50,798 [INFO]   Consultando BCN→MAD para 2026-05-13 (DTD=21)...
2026-04-22 08:28:50,980 [INFO] response: https://www.google.com/travel/flights?tfs=GhoSCjIwMjYtMDUtMTNqBRIDQkNOcgUSA01BREIBAUgBmAEC&hl=en&tfu=EgQIABABIgA&curr= 200
2026-04-22 08:28:52,328 [INFO]   → 329 vuelos encontrados. Precio mínimo: $76.0
2026-04-22 08:28:52,329 [INFO]   Esperando 5.2s antes de la siguiente consulta...
2026-04-22 08:28:57,490 [INFO]   Consultando BCN→MAD para 2026-05-22 (DTD=30)...
2026-04-22 08:28:57,669 [INFO] response: https://www.google.com/travel/flights?tfs=GhoSCjIwMjYtMDUtMjJqBRIDQkNOcgUSA01BREIBAUgBmAEC&hl=en&tfu=EgQIABABIgA&curr= 200
2026-04-22 08:28:58,855 [INFO]   → 277 vuelos encontrados. Precio mínimo: $112.0
2026-04-22 08:28:58,855 [INFO]   Esperando 4.5s antes de la siguiente consulta...
2026-04-22 08:29:03,333 [INFO]   Consultando BCN→MAD para 2026-06-06 (DTD=45)...
2026-04-22 08:29:03,477 [INFO] response: https://www.google.com/travel/flights?tfs=GhoSCjIwMjYtMDYtMDZqBRIDQkNOcgUSA01BREIBAUgBmAEC&hl=en&tfu=EgQIABABIgA&curr= 200
2026-04-22 08:29:04,682 [INFO]   → 301 vuelos encontrados. Precio mínimo: $99.0
2026-04-22 08:29:04,682 [INFO]   Esperando 6.4s antes de la siguiente consulta...
2026-04-22 08:29:11,125 [INFO]   Consultando BCN→MAD para 2026-06-21 (DTD=60)...
2026-04-22 08:29:11,267 [INFO] response: https://www.google.com/travel/flights?tfs=GhoSCjIwMjYtMDYtMjFqBRIDQkNOcgUSA01BREIBAUgBmAEC&hl=en&tfu=EgQIABABIgA&curr= 200
2026-04-22 08:29:12,416 [INFO]   → 309 vuelos encontrados. Precio mínimo: $121.0
2026-04-22 08:29:12,491 [INFO] === Sesión completada ===
2026-04-22 08:29:12,491 [INFO]   Registros nuevos:  2703
2026-04-22 08:29:12,491 [INFO]   Total acumulado:   5470
2026-04-22 08:29:12,491 [INFO]   Guardado en:       /home/runner/work/yield-management-bcn-mad/yield-management-bcn-mad/data/bcn_mad_prices.parquet
2026-04-22 08:29:12,493 [INFO]   Resumen guardado:  /home/runner/work/yield-management-bcn-mad/yield-management-bcn-mad/logs/summary_20260422_082812.json
