2026-04-28 09:17:13,031 [INFO] === Iniciando sesión de scraping 20260428_091713 ===
2026-04-28 09:17:13,032 [INFO]   Consultando BCN→MAD para 2026-04-29 (DTD=1)...
2026-04-28 09:17:13,032 [WARNING] Impersonate 'chrome_126' does not exist, using 'random'
2026-04-28 09:17:13,291 [INFO] response: https://www.google.com/travel/flights?tfs=GhoSCjIwMjYtMDQtMjlqBRIDQkNOcgUSA01BREIBAUgBmAEC&hl=en&tfu=EgQIABABIgA&curr= 200
2026-04-28 09:17:14,258 [INFO]   → 285 vuelos encontrados. Precio mínimo: $125.0
2026-04-28 09:17:14,258 [INFO]   Esperando 7.1s antes de la siguiente consulta...
2026-04-28 09:17:21,391 [INFO]   Consultando BCN→MAD para 2026-05-01 (DTD=3)...
2026-04-28 09:17:21,559 [INFO] response: https://www.google.com/travel/flights?tfs=GhoSCjIwMjYtMDUtMDFqBRIDQkNOcgUSA01BREIBAUgBmAEC&hl=en&tfu=EgQIABABIgA&curr= 200
2026-04-28 09:17:21,944 [INFO]   → 245 vuelos encontrados. Precio mínimo: $65.0
2026-04-28 09:17:21,945 [INFO]   Esperando 6.6s antes de la siguiente consulta...
2026-04-28 09:17:28,532 [INFO]   Consultando BCN→MAD para 2026-05-05 (DTD=7)...
2026-04-28 09:17:28,676 [INFO] response: https://www.google.com/travel/flights?tfs=GhoSCjIwMjYtMDUtMDVqBRIDQkNOcgUSA01BREIBAUgBmAEC&hl=en&tfu=EgQIABABIgA&curr= 200
2026-04-28 09:17:29,838 [INFO]   → 291 vuelos encontrados. Precio mínimo: $68.0
2026-04-28 09:17:29,838 [INFO]   Esperando 5.6s antes de la siguiente consulta...
2026-04-28 09:17:35,461 [INFO]   Consultando BCN→MAD para 2026-05-08 (DTD=10)...
2026-04-28 09:17:35,594 [INFO] response: https://www.google.com/travel/flights?tfs=GhoSCjIwMjYtMDUtMDhqBRIDQkNOcgUSA01BREIBAUgBmAEC&hl=en&tfu=EgQIABABIgA&curr= 200
2026-04-28 09:17:36,875 [INFO]   → 309 vuelos encontrados. Precio mínimo: $98.0
2026-04-28 09:17:36,875 [INFO]   Esperando 7.8s antes de la siguiente consulta...
2026-04-28 09:17:44,632 [INFO]   Consultando BCN→MAD para 2026-05-12 (DTD=14)...
2026-04-28 09:17:44,772 [INFO] response: https://www.google.com/travel/flights?tfs=GhoSCjIwMjYtMDUtMTJqBRIDQkNOcgUSA01BREIBAUgBmAEC&hl=en&tfu=EgQIABABIgA&curr= 200
2026-04-28 09:17:45,297 [INFO]   → 317 vuelos encontrados. Precio mínimo: $68.0
2026-04-28 09:17:45,297 [INFO]   Esperando 3.6s antes de la siguiente consulta...
2026-04-28 09:17:48,859 [INFO]   Consultando BCN→MAD para 2026-05-19 (DTD=21)...
2026-04-28 09:17:49,018 [INFO] response: https://www.google.com/travel/flights?tfs=GhoSCjIwMjYtMDUtMTlqBRIDQkNOcgUSA01BREIBAUgBmAEC&hl=en&tfu=EgQIABABIgA&curr= 200
2026-04-28 09:17:50,231 [INFO]   → 293 vuelos encontrados. Precio mínimo: $75.0
2026-04-28 09:17:50,231 [INFO]   Esperando 7.2s antes de la siguiente consulta...
2026-04-28 09:17:57,432 [INFO]   Consultando BCN→MAD para 2026-05-28 (DTD=30)...
2026-04-28 09:17:57,556 [INFO] response: https://www.google.com/travel/flights?tfs=GhoSCjIwMjYtMDUtMjhqBRIDQkNOcgUSA01BREIBAUgBmAEC&hl=en&tfu=EgQIABABIgA&curr= 200
2026-04-28 09:17:57,964 [INFO]   → 329 vuelos encontrados. Precio mínimo: $115.0
2026-04-28 09:17:57,964 [INFO]   Esperando 7.5s antes de la siguiente consulta...
2026-04-28 09:18:05,481 [INFO]   Consultando BCN→MAD para 2026-06-12 (DTD=45)...
2026-04-28 09:18:05,616 [INFO] response: https://www.google.com/travel/flights?tfs=GhoSCjIwMjYtMDYtMTJqBRIDQkNOcgUSA01BREIBAUgBmAEC&hl=en&tfu=EgQIABABIgA&curr= 200
2026-04-28 09:18:07,122 [INFO]   → 333 vuelos encontrados. Precio mínimo: $98.0
2026-04-28 09:18:07,122 [INFO]   Esperando 6.8s antes de la siguiente consulta...
2026-04-28 09:18:13,925 [INFO]   Consultando BCN→MAD para 2026-06-27 (DTD=60)...
2026-04-28 09:18:14,140 [INFO] response: https://www.google.com/travel/flights?tfs=GhoSCjIwMjYtMDYtMjdqBRIDQkNOcgUSA01BREIBAUgBmAEC&hl=en&tfu=EgQIABABIgA&curr= 200
2026-04-28 09:18:14,699 [INFO]   → 289 vuelos encontrados. Precio mínimo: $132.0
2026-04-28 09:18:14,799 [INFO] === Sesión completada ===
2026-04-28 09:18:14,799 [INFO]   Registros nuevos:  2691
2026-04-28 09:18:14,799 [INFO]   Total acumulado:   11534
2026-04-28 09:18:14,800 [INFO]   Guardado en:       /home/runner/work/yield-management-bcn-mad/yield-management-bcn-mad/data/bcn_mad_prices.parquet
2026-04-28 09:18:14,802 [INFO]   Resumen guardado:  /home/runner/work/yield-management-bcn-mad/yield-management-bcn-mad/logs/summary_20260428_091713.json
