2026-04-19 08:04:16,779 [INFO] === Iniciando sesión de scraping 20260419_080416 ===
2026-04-19 08:04:16,780 [INFO]   Consultando BCN→MAD para 2026-04-20 (DTD=1)...
2026-04-19 08:04:16,780 [WARNING] Impersonate 'chrome_126' does not exist, using 'random'
2026-04-19 08:04:17,036 [INFO] response: https://www.google.com/travel/flights?tfs=GhoSCjIwMjYtMDQtMjBqBRIDQkNOcgUSA01BREIBAUgBmAEC&hl=en&tfu=EgQIABABIgA&curr= 200
2026-04-19 08:04:17,504 [INFO]   → 267 vuelos encontrados. Precio mínimo: $99.0
2026-04-19 08:04:17,504 [INFO]   Esperando 7.4s antes de la siguiente consulta...
2026-04-19 08:04:24,940 [INFO]   Consultando BCN→MAD para 2026-04-22 (DTD=3)...
2026-04-19 08:04:25,087 [INFO] response: https://www.google.com/travel/flights?tfs=GhoSCjIwMjYtMDQtMjJqBRIDQkNOcgUSA01BREIBAUgBmAEC&hl=en&tfu=EgQIABABIgA&curr= 200
2026-04-19 08:04:26,177 [INFO]   → 289 vuelos encontrados. Precio mínimo: $68.0
2026-04-19 08:04:26,177 [INFO]   Esperando 4.6s antes de la siguiente consulta...
2026-04-19 08:04:30,820 [INFO]   Consultando BCN→MAD para 2026-04-26 (DTD=7)...
2026-04-19 08:04:30,974 [INFO] response: https://www.google.com/travel/flights?tfs=GhoSCjIwMjYtMDQtMjZqBRIDQkNOcgUSA01BREIBAUgBmAEC&hl=en&tfu=EgQIABABIgA&curr= 200
2026-04-19 08:04:31,981 [INFO]   → 285 vuelos encontrados. Precio mínimo: $68.0
2026-04-19 08:04:31,981 [INFO]   Esperando 4.1s antes de la siguiente consulta...
2026-04-19 08:04:36,087 [INFO]   Consultando BCN→MAD para 2026-04-29 (DTD=10)...
2026-04-19 08:04:36,266 [INFO] response: https://www.google.com/travel/flights?tfs=GhoSCjIwMjYtMDQtMjlqBRIDQkNOcgUSA01BREIBAUgBmAEC&hl=en&tfu=EgQIABABIgA&curr= 200
2026-04-19 08:04:37,472 [INFO]   → 297 vuelos encontrados. Precio mínimo: $68.0
2026-04-19 08:04:37,472 [INFO]   Esperando 5.7s antes de la siguiente consulta...
2026-04-19 08:04:43,197 [INFO]   Consultando BCN→MAD para 2026-05-03 (DTD=14)...
2026-04-19 08:04:43,413 [INFO] response: https://www.google.com/travel/flights?tfs=GhoSCjIwMjYtMDUtMDNqBRIDQkNOcgUSA01BREIBAUgBmAEC&hl=en&tfu=EgQIABABIgA&curr= 200
2026-04-19 08:04:43,904 [INFO]   → 299 vuelos encontrados. Precio mínimo: $83.0
2026-04-19 08:04:43,904 [INFO]   Esperando 4.1s antes de la siguiente consulta...
2026-04-19 08:04:48,053 [INFO]   Consultando BCN→MAD para 2026-05-10 (DTD=21)...
2026-04-19 08:04:48,202 [INFO] response: https://www.google.com/travel/flights?tfs=GhoSCjIwMjYtMDUtMTBqBRIDQkNOcgUSA01BREIBAUgBmAEC&hl=en&tfu=EgQIABABIgA&curr= 200
2026-04-19 08:04:49,247 [INFO]   → 315 vuelos encontrados. Precio mínimo: $100.0
2026-04-19 08:04:49,247 [INFO]   Esperando 3.5s antes de la siguiente consulta...
2026-04-19 08:04:52,752 [INFO]   Consultando BCN→MAD para 2026-05-19 (DTD=30)...
2026-04-19 08:04:52,892 [INFO] response: https://www.google.com/travel/flights?tfs=GhoSCjIwMjYtMDUtMTlqBRIDQkNOcgUSA01BREIBAUgBmAEC&hl=en&tfu=EgQIABABIgA&curr= 200
2026-04-19 08:04:53,306 [INFO]   → 305 vuelos encontrados. Precio mínimo: $69.0
2026-04-19 08:04:53,306 [INFO]   Esperando 6.8s antes de la siguiente consulta...
2026-04-19 08:05:00,123 [INFO]   Consultando BCN→MAD para 2026-06-03 (DTD=45)...
2026-04-19 08:05:00,297 [INFO] response: https://www.google.com/travel/flights?tfs=GhoSCjIwMjYtMDYtMDNqBRIDQkNOcgUSA01BREIBAUgBmAEC&hl=en&tfu=EgQIABABIgA&curr= 200
2026-04-19 08:05:01,286 [INFO]   → 321 vuelos encontrados. Precio mínimo: $115.0
2026-04-19 08:05:01,286 [INFO]   Esperando 6.3s antes de la siguiente consulta...
2026-04-19 08:05:07,557 [INFO]   Consultando BCN→MAD para 2026-06-18 (DTD=60)...
2026-04-19 08:05:07,708 [INFO] response: https://www.google.com/travel/flights?tfs=GhoSCjIwMjYtMDYtMThqBRIDQkNOcgUSA01BREIBAUgBmAEC&hl=en&tfu=EgQIABABIgA&curr= 200
2026-04-19 08:05:08,723 [INFO]   → 305 vuelos encontrados. Precio mínimo: $89.0
2026-04-19 08:05:08,780 [INFO] === Sesión completada ===
2026-04-19 08:05:08,780 [INFO]   Registros nuevos:  2683
2026-04-19 08:05:08,780 [INFO]   Total acumulado:   2725
2026-04-19 08:05:08,780 [INFO]   Guardado en:       /home/runner/work/yield-management-bcn-mad/yield-management-bcn-mad/data/bcn_mad_prices.parquet
2026-04-19 08:05:08,782 [INFO]   Resumen guardado:  /home/runner/work/yield-management-bcn-mad/yield-management-bcn-mad/logs/summary_20260419_080416.json
