2026-05-04 09:13:01,312 [INFO] === Iniciando sesión de scraping 20260504_091301 ===
2026-05-04 09:13:01,312 [INFO]   Rutas: [('BCN', 'MAD'), ('MAD', 'BCN')] × DTDs: [1, 3, 7, 10, 14, 21, 30, 45, 60] ⇒ 18 queries
2026-05-04 09:13:01,312 [INFO]   Consultando BCN-MAD 2026-05-05 (DTD=1)...
2026-05-04 09:13:01,312 [WARNING] Impersonate 'chrome_126' does not exist, using 'random'
2026-05-04 09:13:01,504 [INFO] response: https://www.google.com/travel/flights?tfs=GhoSCjIwMjYtMDUtMDVqBRIDQkNOcgUSA01BREIBAUgBmAEC&hl=en&tfu=EgQIABABIgA&curr= 200
2026-05-04 09:13:02,347 [INFO]   → 281 válidos / 281 brutos. Min: $98.0
2026-05-04 09:13:02,347 [INFO]   query_log: {'timestamp': '2026-05-04T09:13:01.312462', 'query': 'BCN-MAD 2026-05-05 (DTD=1)', 'n_raw': 281, 'n_filtered': 281, 'status': 'ok'}
2026-05-04 09:13:02,347 [INFO]   Esperando 4.1s...
2026-05-04 09:13:06,455 [INFO]   Consultando BCN-MAD 2026-05-07 (DTD=3)...
2026-05-04 09:13:06,594 [INFO] response: https://www.google.com/travel/flights?tfs=GhoSCjIwMjYtMDUtMDdqBRIDQkNOcgUSA01BREIBAUgBmAEC&hl=en&tfu=EgQIABABIgA&curr= 200
2026-05-04 09:13:06,925 [WARNING]   Respuesta degradada: 100% de 281 filas sin airline. Reintentando en 30s...
2026-05-04 09:13:37,143 [INFO] response: https://www.google.com/travel/flights?tfs=GhoSCjIwMjYtMDUtMDdqBRIDQkNOcgUSA01BREIBAUgBmAEC&hl=en&tfu=EgQIABABIgA&curr= 200
2026-05-04 09:13:37,801 [INFO]   → 281 válidos / 281 brutos. Min: $98.0
2026-05-04 09:13:37,801 [INFO]   query_log: {'timestamp': '2026-05-04T09:13:06.455983', 'query': 'BCN-MAD 2026-05-07 (DTD=3)', 'n_raw': 281, 'n_filtered': 281, 'status': 'ok'}
2026-05-04 09:13:37,802 [INFO]   Esperando 4.9s...
2026-05-04 09:13:42,746 [INFO]   Consultando BCN-MAD 2026-05-11 (DTD=7)...
2026-05-04 09:13:42,898 [INFO] response: https://www.google.com/travel/flights?tfs=GhoSCjIwMjYtMDUtMTFqBRIDQkNOcgUSA01BREIBAUgBmAEC&hl=en&tfu=EgQIABABIgA&curr= 200
2026-05-04 09:13:43,840 [INFO]   → 309 válidos / 309 brutos. Min: $68.0
2026-05-04 09:13:43,840 [INFO]   query_log: {'timestamp': '2026-05-04T09:13:42.747013', 'query': 'BCN-MAD 2026-05-11 (DTD=7)', 'n_raw': 309, 'n_filtered': 309, 'status': 'ok'}
2026-05-04 09:13:43,840 [INFO]   Esperando 7.9s...
2026-05-04 09:13:51,706 [INFO]   Consultando BCN-MAD 2026-05-14 (DTD=10)...
2026-05-04 09:13:51,947 [INFO] response: https://www.google.com/travel/flights?tfs=GhoSCjIwMjYtMDUtMTRqBRIDQkNOcgUSA01BREIBAUgBmAEC&hl=en&tfu=EgQIABABIgA&curr= 200
2026-05-04 09:13:53,158 [INFO]   → 321 válidos / 321 brutos. Min: $111.0
2026-05-04 09:13:53,158 [INFO]   query_log: {'timestamp': '2026-05-04T09:13:51.706510', 'query': 'BCN-MAD 2026-05-14 (DTD=10)', 'n_raw': 321, 'n_filtered': 321, 'status': 'ok'}
2026-05-04 09:13:53,158 [INFO]   Esperando 7.8s...
2026-05-04 09:14:00,993 [INFO]   Consultando BCN-MAD 2026-05-18 (DTD=14)...
2026-05-04 09:14:01,138 [INFO] response: https://www.google.com/travel/flights?tfs=GhoSCjIwMjYtMDUtMThqBRIDQkNOcgUSA01BREIBAUgBmAEC&hl=en&tfu=EgQIABABIgA&curr= 200
2026-05-04 09:14:01,892 [INFO]   → 311 válidos / 311 brutos. Min: $76.0
2026-05-04 09:14:01,892 [INFO]   query_log: {'timestamp': '2026-05-04T09:14:00.994039', 'query': 'BCN-MAD 2026-05-18 (DTD=14)', 'n_raw': 311, 'n_filtered': 311, 'status': 'ok'}
2026-05-04 09:14:01,892 [INFO]   Esperando 7.1s...
2026-05-04 09:14:09,002 [INFO]   Consultando BCN-MAD 2026-05-25 (DTD=21)...
2026-05-04 09:14:09,147 [INFO] response: https://www.google.com/travel/flights?tfs=GhoSCjIwMjYtMDUtMjVqBRIDQkNOcgUSA01BREIBAUgBmAEC&hl=en&tfu=EgQIABABIgA&curr= 200
2026-05-04 09:14:09,590 [WARNING]   Respuesta degradada: 100% de 321 filas sin airline. Reintentando en 30s...
2026-05-04 09:14:39,810 [INFO] response: https://www.google.com/travel/flights?tfs=GhoSCjIwMjYtMDUtMjVqBRIDQkNOcgUSA01BREIBAUgBmAEC&hl=en&tfu=EgQIABABIgA&curr= 200
2026-05-04 09:14:40,372 [ERROR]   Sigue degradada tras retry (100% vacías). Marcando como failed.
2026-05-04 09:14:40,372 [INFO]   query_log: {'timestamp': '2026-05-04T09:14:09.003067', 'query': 'BCN-MAD 2026-05-25 (DTD=21)', 'n_raw': 321, 'n_filtered': 0, 'status': 'failed'}
2026-05-04 09:14:40,372 [INFO]   Esperando 6.1s...
2026-05-04 09:14:46,499 [INFO]   Consultando BCN-MAD 2026-06-03 (DTD=30)...
2026-05-04 09:14:46,729 [INFO] response: https://www.google.com/travel/flights?tfs=GhoSCjIwMjYtMDYtMDNqBRIDQkNOcgUSA01BREIBAUgBmAEC&hl=en&tfu=EgQIABABIgA&curr= 200
2026-05-04 09:14:47,745 [INFO]   → 323 válidos / 323 brutos. Min: $85.0
2026-05-04 09:14:47,745 [INFO]   query_log: {'timestamp': '2026-05-04T09:14:46.499926', 'query': 'BCN-MAD 2026-06-03 (DTD=30)', 'n_raw': 323, 'n_filtered': 323, 'status': 'ok'}
2026-05-04 09:14:47,745 [INFO]   Esperando 3.8s...
2026-05-04 09:14:51,562 [INFO]   Consultando BCN-MAD 2026-06-18 (DTD=45)...
2026-05-04 09:14:51,726 [INFO] response: https://www.google.com/travel/flights?tfs=GhoSCjIwMjYtMDYtMThqBRIDQkNOcgUSA01BREIBAUgBmAEC&hl=en&tfu=EgQIABABIgA&curr= 200
2026-05-04 09:14:52,806 [INFO]   → 311 válidos / 311 brutos. Min: $76.0
2026-05-04 09:14:52,806 [INFO]   query_log: {'timestamp': '2026-05-04T09:14:51.562878', 'query': 'BCN-MAD 2026-06-18 (DTD=45)', 'n_raw': 311, 'n_filtered': 311, 'status': 'ok'}
2026-05-04 09:14:52,806 [INFO]   Esperando 7.6s...
2026-05-04 09:15:00,448 [INFO]   Consultando BCN-MAD 2026-07-03 (DTD=60)...
2026-05-04 09:15:00,643 [INFO] response: https://www.google.com/travel/flights?tfs=GhoSCjIwMjYtMDctMDNqBRIDQkNOcgUSA01BREIBAUgBmAEC&hl=en&tfu=EgQIABABIgA&curr= 200
2026-05-04 09:15:01,753 [INFO]   → 303 válidos / 303 brutos. Min: $84.0
2026-05-04 09:15:01,753 [INFO]   query_log: {'timestamp': '2026-05-04T09:15:00.448563', 'query': 'BCN-MAD 2026-07-03 (DTD=60)', 'n_raw': 303, 'n_filtered': 303, 'status': 'ok'}
2026-05-04 09:15:01,753 [INFO]   Esperando 5.3s...
2026-05-04 09:15:07,079 [INFO]   Consultando MAD-BCN 2026-05-05 (DTD=1)...
2026-05-04 09:15:07,235 [INFO] response: https://www.google.com/travel/flights?tfs=GhoSCjIwMjYtMDUtMDVqBRIDTUFEcgUSA0JDTkIBAUgBmAEC&hl=en&tfu=EgQIABABIgA&curr= 200
2026-05-04 09:15:07,779 [WARNING]   Respuesta degradada: 100% de 275 filas sin airline. Reintentando en 30s...
2026-05-04 09:15:37,954 [INFO] response: https://www.google.com/travel/flights?tfs=GhoSCjIwMjYtMDUtMDVqBRIDTUFEcgUSA0JDTkIBAUgBmAEC&hl=en&tfu=EgQIABABIgA&curr= 200
2026-05-04 09:15:38,712 [INFO]   → 275 válidos / 275 brutos. Min: $112.0
2026-05-04 09:15:38,712 [INFO]   query_log: {'timestamp': '2026-05-04T09:15:07.079636', 'query': 'MAD-BCN 2026-05-05 (DTD=1)', 'n_raw': 275, 'n_filtered': 275, 'status': 'ok'}
2026-05-04 09:15:38,712 [INFO]   Esperando 5.8s...
2026-05-04 09:15:44,492 [INFO]   Consultando MAD-BCN 2026-05-07 (DTD=3)...
2026-05-04 09:15:44,665 [INFO] response: https://www.google.com/travel/flights?tfs=GhoSCjIwMjYtMDUtMDdqBRIDTUFEcgUSA0JDTkIBAUgBmAEC&hl=en&tfu=EgQIABABIgA&curr= 200
2026-05-04 09:15:45,802 [INFO]   → 291 válidos / 291 brutos. Min: $141.0
2026-05-04 09:15:45,802 [INFO]   query_log: {'timestamp': '2026-05-04T09:15:44.492178', 'query': 'MAD-BCN 2026-05-07 (DTD=3)', 'n_raw': 291, 'n_filtered': 291, 'status': 'ok'}
2026-05-04 09:15:45,802 [INFO]   Esperando 5.4s...
2026-05-04 09:15:51,204 [INFO]   Consultando MAD-BCN 2026-05-11 (DTD=7)...
2026-05-04 09:15:51,390 [INFO] response: https://www.google.com/travel/flights?tfs=GhoSCjIwMjYtMDUtMTFqBRIDTUFEcgUSA0JDTkIBAUgBmAEC&hl=en&tfu=EgQIABABIgA&curr= 200
2026-05-04 09:15:52,466 [INFO]   → 295 válidos / 295 brutos. Min: $69.0
2026-05-04 09:15:52,467 [INFO]   query_log: {'timestamp': '2026-05-04T09:15:51.204855', 'query': 'MAD-BCN 2026-05-11 (DTD=7)', 'n_raw': 295, 'n_filtered': 295, 'status': 'ok'}
2026-05-04 09:15:52,467 [INFO]   Esperando 5.5s...
2026-05-04 09:15:58,012 [INFO]   Consultando MAD-BCN 2026-05-14 (DTD=10)...
2026-05-04 09:15:58,264 [INFO] response: https://www.google.com/travel/flights?tfs=GhoSCjIwMjYtMDUtMTRqBRIDTUFEcgUSA0JDTkIBAUgBmAEC&hl=en&tfu=EgQIABABIgA&curr= 200
2026-05-04 09:15:59,501 [INFO]   → 337 válidos / 337 brutos. Min: $78.0
2026-05-04 09:15:59,501 [INFO]   query_log: {'timestamp': '2026-05-04T09:15:58.012214', 'query': 'MAD-BCN 2026-05-14 (DTD=10)', 'n_raw': 337, 'n_filtered': 337, 'status': 'ok'}
2026-05-04 09:15:59,501 [INFO]   Esperando 5.7s...
2026-05-04 09:16:05,191 [INFO]   Consultando MAD-BCN 2026-05-18 (DTD=14)...
2026-05-04 09:16:05,392 [INFO] response: https://www.google.com/travel/flights?tfs=GhoSCjIwMjYtMDUtMThqBRIDTUFEcgUSA0JDTkIBAUgBmAEC&hl=en&tfu=EgQIABABIgA&curr= 200
2026-05-04 09:16:06,528 [INFO]   → 317 válidos / 317 brutos. Min: $69.0
2026-05-04 09:16:06,528 [INFO]   query_log: {'timestamp': '2026-05-04T09:16:05.191873', 'query': 'MAD-BCN 2026-05-18 (DTD=14)', 'n_raw': 317, 'n_filtered': 317, 'status': 'ok'}
2026-05-04 09:16:06,529 [INFO]   Esperando 7.7s...
2026-05-04 09:16:14,221 [INFO]   Consultando MAD-BCN 2026-05-25 (DTD=21)...
2026-05-04 09:16:14,422 [INFO] response: https://www.google.com/travel/flights?tfs=GhoSCjIwMjYtMDUtMjVqBRIDTUFEcgUSA0JDTkIBAUgBmAEC&hl=en&tfu=EgQIABABIgA&curr= 200
2026-05-04 09:16:15,907 [INFO]   → 333 válidos / 333 brutos. Min: $69.0
2026-05-04 09:16:15,907 [INFO]   query_log: {'timestamp': '2026-05-04T09:16:14.221469', 'query': 'MAD-BCN 2026-05-25 (DTD=21)', 'n_raw': 333, 'n_filtered': 333, 'status': 'ok'}
2026-05-04 09:16:15,907 [INFO]   Esperando 5.3s...
2026-05-04 09:16:21,249 [INFO]   Consultando MAD-BCN 2026-06-03 (DTD=30)...
2026-05-04 09:16:21,441 [INFO] response: https://www.google.com/travel/flights?tfs=GhoSCjIwMjYtMDYtMDNqBRIDTUFEcgUSA0JDTkIBAUgBmAEC&hl=en&tfu=EgQIABABIgA&curr= 200
2026-05-04 09:16:21,995 [WARNING]   Respuesta degradada: 100% de 333 filas sin airline. Reintentando en 30s...
2026-05-04 09:16:52,205 [INFO] response: https://www.google.com/travel/flights?tfs=GhoSCjIwMjYtMDYtMDNqBRIDTUFEcgUSA0JDTkIBAUgBmAEC&hl=en&tfu=EgQIABABIgA&curr= 200
2026-05-04 09:16:53,411 [INFO]   → 333 válidos / 333 brutos. Min: $95.0
2026-05-04 09:16:53,411 [INFO]   query_log: {'timestamp': '2026-05-04T09:16:21.249249', 'query': 'MAD-BCN 2026-06-03 (DTD=30)', 'n_raw': 333, 'n_filtered': 333, 'status': 'ok'}
2026-05-04 09:16:53,411 [INFO]   Esperando 4.1s...
2026-05-04 09:16:57,549 [INFO]   Consultando MAD-BCN 2026-06-18 (DTD=45)...
2026-05-04 09:16:57,698 [INFO] response: https://www.google.com/travel/flights?tfs=GhoSCjIwMjYtMDYtMThqBRIDTUFEcgUSA0JDTkIBAUgBmAEC&hl=en&tfu=EgQIABABIgA&curr= 200
2026-05-04 09:16:58,853 [INFO]   → 325 válidos / 325 brutos. Min: $67.0
2026-05-04 09:16:58,853 [INFO]   query_log: {'timestamp': '2026-05-04T09:16:57.549211', 'query': 'MAD-BCN 2026-06-18 (DTD=45)', 'n_raw': 325, 'n_filtered': 325, 'status': 'ok'}
2026-05-04 09:16:58,853 [INFO]   Esperando 5.5s...
2026-05-04 09:17:04,307 [INFO]   Consultando MAD-BCN 2026-07-03 (DTD=60)...
2026-05-04 09:17:04,506 [INFO] response: https://www.google.com/travel/flights?tfs=GhoSCjIwMjYtMDctMDNqBRIDTUFEcgUSA0JDTkIBAUgBmAEC&hl=en&tfu=EgQIABABIgA&curr= 200
2026-05-04 09:17:05,566 [INFO]   → 333 válidos / 333 brutos. Min: $90.0
2026-05-04 09:17:05,567 [INFO]   query_log: {'timestamp': '2026-05-04T09:17:04.308046', 'query': 'MAD-BCN 2026-07-03 (DTD=60)', 'n_raw': 333, 'n_filtered': 333, 'status': 'ok'}
2026-05-04 09:17:05,589 [INFO]   Dedup intra-sesión: 5279 → 1463 (3816 fares duplicados colapsados)
2026-05-04 09:17:05,716 [INFO] === Sesión completada ===
2026-05-04 09:17:05,717 [INFO]   Queries ok / failed: 17 / 1
2026-05-04 09:17:05,717 [INFO]   Registros nuevos:    1463
2026-05-04 09:17:05,717 [INFO]   Total acumulado:     20031
2026-05-04 09:17:05,717 [INFO]   Guardado en:         /home/runner/work/yield-management-bcn-mad/yield-management-bcn-mad/data/bcn_mad_prices.parquet
2026-05-04 09:17:05,719 [INFO]   Resumen guardado:    /home/runner/work/yield-management-bcn-mad/yield-management-bcn-mad/logs/summary_20260504_091301.json
2026-05-04 18:12:40,399 [INFO] === Iniciando sesión de scraping 20260504_181240 ===
2026-05-04 18:12:40,399 [INFO]   Rutas: [('BCN', 'MAD'), ('MAD', 'BCN')] × DTDs: [1, 3, 7, 10, 14, 21, 30, 45, 60] ⇒ 18 queries
2026-05-04 18:12:40,399 [INFO]   Consultando BCN-MAD 2026-05-05 (DTD=1)...
2026-05-04 18:12:40,399 [WARNING] Impersonate 'chrome_126' does not exist, using 'random'
2026-05-04 18:12:40,655 [INFO] response: https://www.google.com/travel/flights?tfs=GhoSCjIwMjYtMDUtMDVqBRIDQkNOcgUSA01BREIBAUgBmAEC&hl=en&tfu=EgQIABABIgA&curr= 200
2026-05-04 18:12:42,074 [INFO]   → 275 válidos / 275 brutos. Min: $68.0
2026-05-04 18:12:42,074 [INFO]   query_log: {'timestamp': '2026-05-04T18:12:40.399542', 'query': 'BCN-MAD 2026-05-05 (DTD=1)', 'n_raw': 275, 'n_filtered': 275, 'status': 'ok'}
2026-05-04 18:12:42,074 [INFO]   Esperando 5.5s...
2026-05-04 18:12:47,614 [INFO]   Consultando BCN-MAD 2026-05-07 (DTD=3)...
2026-05-04 18:12:47,801 [INFO] response: https://www.google.com/travel/flights?tfs=GhoSCjIwMjYtMDUtMDdqBRIDQkNOcgUSA01BREIBAUgBmAEC&hl=en&tfu=EgQIABABIgA&curr= 200
2026-05-04 18:12:48,283 [WARNING]   Respuesta degradada: 100% de 279 filas sin airline. Reintentando en 30s...
2026-05-04 18:13:18,432 [INFO] response: https://www.google.com/travel/flights?tfs=GhoSCjIwMjYtMDUtMDdqBRIDQkNOcgUSA01BREIBAUgBmAEC&hl=en&tfu=EgQIABABIgA&curr= 200
2026-05-04 18:13:19,243 [INFO]   → 279 válidos / 279 brutos. Min: $77.0
2026-05-04 18:13:19,243 [INFO]   query_log: {'timestamp': '2026-05-04T18:12:47.615100', 'query': 'BCN-MAD 2026-05-07 (DTD=3)', 'n_raw': 279, 'n_filtered': 279, 'status': 'ok'}
2026-05-04 18:13:19,243 [INFO]   Esperando 5.8s...
2026-05-04 18:13:25,032 [INFO]   Consultando BCN-MAD 2026-05-11 (DTD=7)...
2026-05-04 18:13:25,202 [INFO] response: https://www.google.com/travel/flights?tfs=GhoSCjIwMjYtMDUtMTFqBRIDQkNOcgUSA01BREIBAUgBmAEC&hl=en&tfu=EgQIABABIgA&curr= 200
2026-05-04 18:13:26,438 [INFO]   → 283 válidos / 283 brutos. Min: $68.0
2026-05-04 18:13:26,438 [INFO]   query_log: {'timestamp': '2026-05-04T18:13:25.032732', 'query': 'BCN-MAD 2026-05-11 (DTD=7)', 'n_raw': 283, 'n_filtered': 283, 'status': 'ok'}
2026-05-04 18:13:26,438 [INFO]   Esperando 5.7s...
2026-05-04 18:13:32,108 [INFO]   Consultando BCN-MAD 2026-05-14 (DTD=10)...
2026-05-04 18:13:32,318 [INFO] response: https://www.google.com/travel/flights?tfs=GhoSCjIwMjYtMDUtMTRqBRIDQkNOcgUSA01BREIBAUgBmAEC&hl=en&tfu=EgQIABABIgA&curr= 200
2026-05-04 18:13:32,800 [WARNING]   Respuesta degradada: 100% de 321 filas sin airline. Reintentando en 30s...
2026-05-04 18:14:03,190 [INFO] response: https://www.google.com/travel/flights?tfs=GhoSCjIwMjYtMDUtMTRqBRIDQkNOcgUSA01BREIBAUgBmAEC&hl=en&tfu=EgQIABABIgA&curr= 200
2026-05-04 18:14:03,744 [ERROR]   Sigue degradada tras retry (100% vacías). Marcando como failed.
2026-05-04 18:14:03,744 [INFO]   query_log: {'timestamp': '2026-05-04T18:13:32.109100', 'query': 'BCN-MAD 2026-05-14 (DTD=10)', 'n_raw': 321, 'n_filtered': 0, 'status': 'failed'}
2026-05-04 18:14:03,744 [INFO]   Esperando 6.9s...
2026-05-04 18:14:10,631 [INFO]   Consultando BCN-MAD 2026-05-18 (DTD=14)...
2026-05-04 18:14:10,781 [INFO] response: https://www.google.com/travel/flights?tfs=GhoSCjIwMjYtMDUtMThqBRIDQkNOcgUSA01BREIBAUgBmAEC&hl=en&tfu=EgQIABABIgA&curr= 200
2026-05-04 18:14:11,738 [INFO]   → 317 válidos / 317 brutos. Min: $68.0
2026-05-04 18:14:11,738 [INFO]   query_log: {'timestamp': '2026-05-04T18:14:10.631500', 'query': 'BCN-MAD 2026-05-18 (DTD=14)', 'n_raw': 317, 'n_filtered': 317, 'status': 'ok'}
2026-05-04 18:14:11,738 [INFO]   Esperando 6.1s...
2026-05-04 18:14:17,855 [INFO]   Consultando BCN-MAD 2026-05-25 (DTD=21)...
2026-05-04 18:14:18,000 [INFO] response: https://www.google.com/travel/flights?tfs=GhoSCjIwMjYtMDUtMjVqBRIDQkNOcgUSA01BREIBAUgBmAEC&hl=en&tfu=EgQIABABIgA&curr= 200
2026-05-04 18:14:18,931 [INFO]   → 323 válidos / 323 brutos. Min: $59.0
2026-05-04 18:14:18,931 [INFO]   query_log: {'timestamp': '2026-05-04T18:14:17.855428', 'query': 'BCN-MAD 2026-05-25 (DTD=21)', 'n_raw': 323, 'n_filtered': 323, 'status': 'ok'}
2026-05-04 18:14:18,931 [INFO]   Esperando 4.3s...
2026-05-04 18:14:23,225 [INFO]   Consultando BCN-MAD 2026-06-03 (DTD=30)...
2026-05-04 18:14:23,387 [INFO] response: https://www.google.com/travel/flights?tfs=GhoSCjIwMjYtMDYtMDNqBRIDQkNOcgUSA01BREIBAUgBmAEC&hl=en&tfu=EgQIABABIgA&curr= 200
2026-05-04 18:14:23,973 [WARNING]   Respuesta degradada: 100% de 337 filas sin airline. Reintentando en 30s...
2026-05-04 18:14:54,160 [INFO] response: https://www.google.com/travel/flights?tfs=GhoSCjIwMjYtMDYtMDNqBRIDQkNOcgUSA01BREIBAUgBmAEC&hl=en&tfu=EgQIABABIgA&curr= 200
2026-05-04 18:14:54,931 [ERROR]   Sigue degradada tras retry (100% vacías). Marcando como failed.
2026-05-04 18:14:54,931 [INFO]   query_log: {'timestamp': '2026-05-04T18:14:23.225788', 'query': 'BCN-MAD 2026-06-03 (DTD=30)', 'n_raw': 337, 'n_filtered': 0, 'status': 'failed'}
2026-05-04 18:14:54,931 [INFO]   Esperando 4.1s...
2026-05-04 18:14:58,983 [INFO]   Consultando BCN-MAD 2026-06-18 (DTD=45)...
2026-05-04 18:14:59,176 [INFO] response: https://www.google.com/travel/flights?tfs=GhoSCjIwMjYtMDYtMThqBRIDQkNOcgUSA01BREIBAUgBmAEC&hl=en&tfu=EgQIABABIgA&curr= 200
2026-05-04 18:15:00,530 [INFO]   → 311 válidos / 311 brutos. Min: $76.0
2026-05-04 18:15:00,530 [INFO]   query_log: {'timestamp': '2026-05-04T18:14:58.983841', 'query': 'BCN-MAD 2026-06-18 (DTD=45)', 'n_raw': 311, 'n_filtered': 311, 'status': 'ok'}
2026-05-04 18:15:00,530 [INFO]   Esperando 3.3s...
2026-05-04 18:15:03,880 [INFO]   Consultando BCN-MAD 2026-07-03 (DTD=60)...
2026-05-04 18:15:04,054 [INFO] response: https://www.google.com/travel/flights?tfs=GhoSCjIwMjYtMDctMDNqBRIDQkNOcgUSA01BREIBAUgBmAEC&hl=en&tfu=EgQIABABIgA&curr= 200
2026-05-04 18:15:05,401 [INFO]   → 307 válidos / 307 brutos. Min: $84.0
2026-05-04 18:15:05,401 [INFO]   query_log: {'timestamp': '2026-05-04T18:15:03.880325', 'query': 'BCN-MAD 2026-07-03 (DTD=60)', 'n_raw': 307, 'n_filtered': 307, 'status': 'ok'}
2026-05-04 18:15:05,401 [INFO]   Esperando 4.4s...
2026-05-04 18:15:09,770 [INFO]   Consultando MAD-BCN 2026-05-05 (DTD=1)...
2026-05-04 18:15:10,105 [INFO] response: https://www.google.com/travel/flights?tfs=GhoSCjIwMjYtMDUtMDVqBRIDTUFEcgUSA0JDTkIBAUgBmAEC&hl=en&tfu=EgQIABABIgA&curr= 200
2026-05-04 18:15:11,336 [INFO]   → 273 válidos / 273 brutos. Min: $98.0
2026-05-04 18:15:11,336 [INFO]   query_log: {'timestamp': '2026-05-04T18:15:09.770321', 'query': 'MAD-BCN 2026-05-05 (DTD=1)', 'n_raw': 273, 'n_filtered': 273, 'status': 'ok'}
2026-05-04 18:15:11,336 [INFO]   Esperando 7.7s...
2026-05-04 18:15:19,035 [INFO]   Consultando MAD-BCN 2026-05-07 (DTD=3)...
2026-05-04 18:15:19,202 [INFO] response: https://www.google.com/travel/flights?tfs=GhoSCjIwMjYtMDUtMDdqBRIDTUFEcgUSA0JDTkIBAUgBmAEC&hl=en&tfu=EgQIABABIgA&curr= 200
2026-05-04 18:15:20,199 [INFO]   → 303 válidos / 303 brutos. Min: $103.0
2026-05-04 18:15:20,199 [INFO]   query_log: {'timestamp': '2026-05-04T18:15:19.035738', 'query': 'MAD-BCN 2026-05-07 (DTD=3)', 'n_raw': 303, 'n_filtered': 303, 'status': 'ok'}
2026-05-04 18:15:20,199 [INFO]   Esperando 5.6s...
2026-05-04 18:15:25,810 [INFO]   Consultando MAD-BCN 2026-05-11 (DTD=7)...
2026-05-04 18:15:25,967 [INFO] response: https://www.google.com/travel/flights?tfs=GhoSCjIwMjYtMDUtMTFqBRIDTUFEcgUSA0JDTkIBAUgBmAEC&hl=en&tfu=EgQIABABIgA&curr= 200
2026-05-04 18:15:26,920 [INFO]   → 301 válidos / 301 brutos. Min: $69.0
2026-05-04 18:15:26,920 [INFO]   query_log: {'timestamp': '2026-05-04T18:15:25.810423', 'query': 'MAD-BCN 2026-05-11 (DTD=7)', 'n_raw': 301, 'n_filtered': 301, 'status': 'ok'}
2026-05-04 18:15:26,920 [INFO]   Esperando 6.2s...
2026-05-04 18:15:33,085 [INFO]   Consultando MAD-BCN 2026-05-14 (DTD=10)...
2026-05-04 18:15:33,273 [INFO] response: https://www.google.com/travel/flights?tfs=GhoSCjIwMjYtMDUtMTRqBRIDTUFEcgUSA0JDTkIBAUgBmAEC&hl=en&tfu=EgQIABABIgA&curr= 200
2026-05-04 18:15:33,880 [WARNING]   Respuesta degradada: 100% de 333 filas sin airline. Reintentando en 30s...
2026-05-04 18:16:04,080 [INFO] response: https://www.google.com/travel/flights?tfs=GhoSCjIwMjYtMDUtMTRqBRIDTUFEcgUSA0JDTkIBAUgBmAEC&hl=en&tfu=EgQIABABIgA&curr= 200
2026-05-04 18:16:05,506 [INFO]   → 333 válidos / 333 brutos. Min: $78.0
2026-05-04 18:16:05,507 [INFO]   query_log: {'timestamp': '2026-05-04T18:15:33.086045', 'query': 'MAD-BCN 2026-05-14 (DTD=10)', 'n_raw': 333, 'n_filtered': 333, 'status': 'ok'}
2026-05-04 18:16:05,507 [INFO]   Esperando 4.1s...
2026-05-04 18:16:09,637 [INFO]   Consultando MAD-BCN 2026-05-18 (DTD=14)...
2026-05-04 18:16:09,812 [INFO] response: https://www.google.com/travel/flights?tfs=GhoSCjIwMjYtMDUtMThqBRIDTUFEcgUSA0JDTkIBAUgBmAEC&hl=en&tfu=EgQIABABIgA&curr= 200
2026-05-04 18:16:11,133 [INFO]   → 297 válidos / 297 brutos. Min: $69.0
2026-05-04 18:16:11,133 [INFO]   query_log: {'timestamp': '2026-05-04T18:16:09.637572', 'query': 'MAD-BCN 2026-05-18 (DTD=14)', 'n_raw': 297, 'n_filtered': 297, 'status': 'ok'}
2026-05-04 18:16:11,133 [INFO]   Esperando 3.4s...
2026-05-04 18:16:14,576 [INFO]   Consultando MAD-BCN 2026-05-25 (DTD=21)...
2026-05-04 18:16:14,883 [INFO] response: https://www.google.com/travel/flights?tfs=GhoSCjIwMjYtMDUtMjVqBRIDTUFEcgUSA0JDTkIBAUgBmAEC&hl=en&tfu=EgQIABABIgA&curr= 200
2026-05-04 18:16:15,608 [WARNING]   Respuesta degradada: 100% de 317 filas sin airline. Reintentando en 30s...
2026-05-04 18:16:45,776 [INFO] response: https://www.google.com/travel/flights?tfs=GhoSCjIwMjYtMDUtMjVqBRIDTUFEcgUSA0JDTkIBAUgBmAEC&hl=en&tfu=EgQIABABIgA&curr= 200
2026-05-04 18:16:46,279 [ERROR]   Sigue degradada tras retry (100% vacías). Marcando como failed.
2026-05-04 18:16:46,279 [INFO]   query_log: {'timestamp': '2026-05-04T18:16:14.577136', 'query': 'MAD-BCN 2026-05-25 (DTD=21)', 'n_raw': 317, 'n_filtered': 0, 'status': 'failed'}
2026-05-04 18:16:46,279 [INFO]   Esperando 7.8s...
2026-05-04 18:16:54,073 [INFO]   Consultando MAD-BCN 2026-06-03 (DTD=30)...
2026-05-04 18:16:54,242 [INFO] response: https://www.google.com/travel/flights?tfs=GhoSCjIwMjYtMDYtMDNqBRIDTUFEcgUSA0JDTkIBAUgBmAEC&hl=en&tfu=EgQIABABIgA&curr= 200
2026-05-04 18:16:54,829 [WARNING]   Respuesta degradada: 100% de 327 filas sin airline. Reintentando en 30s...
2026-05-04 18:17:25,004 [INFO] response: https://www.google.com/travel/flights?tfs=GhoSCjIwMjYtMDYtMDNqBRIDTUFEcgUSA0JDTkIBAUgBmAEC&hl=en&tfu=EgQIABABIgA&curr= 200
2026-05-04 18:17:25,607 [ERROR]   Sigue degradada tras retry (100% vacías). Marcando como failed.
2026-05-04 18:17:25,607 [INFO]   query_log: {'timestamp': '2026-05-04T18:16:54.073248', 'query': 'MAD-BCN 2026-06-03 (DTD=30)', 'n_raw': 327, 'n_filtered': 0, 'status': 'failed'}
2026-05-04 18:17:25,607 [INFO]   Esperando 4.0s...
2026-05-04 18:17:29,620 [INFO]   Consultando MAD-BCN 2026-06-18 (DTD=45)...
2026-05-04 18:17:29,985 [INFO] response: https://www.google.com/travel/flights?tfs=GhoSCjIwMjYtMDYtMThqBRIDTUFEcgUSA0JDTkIBAUgBmAEC&hl=en&tfu=EgQIABABIgA&curr= 200
2026-05-04 18:17:30,572 [WARNING]   Respuesta degradada: 100% de 329 filas sin airline. Reintentando en 30s...
2026-05-04 18:18:00,732 [INFO] response: https://www.google.com/travel/flights?tfs=GhoSCjIwMjYtMDYtMThqBRIDTUFEcgUSA0JDTkIBAUgBmAEC&hl=en&tfu=EgQIABABIgA&curr= 200
2026-05-04 18:18:01,727 [INFO]   → 329 válidos / 329 brutos. Min: $58.0
2026-05-04 18:18:01,727 [INFO]   query_log: {'timestamp': '2026-05-04T18:17:29.620665', 'query': 'MAD-BCN 2026-06-18 (DTD=45)', 'n_raw': 329, 'n_filtered': 329, 'status': 'ok'}
2026-05-04 18:18:01,727 [INFO]   Esperando 4.8s...
2026-05-04 18:18:06,567 [INFO]   Consultando MAD-BCN 2026-07-03 (DTD=60)...
2026-05-04 18:18:06,792 [INFO] response: https://www.google.com/travel/flights?tfs=GhoSCjIwMjYtMDctMDNqBRIDTUFEcgUSA0JDTkIBAUgBmAEC&hl=en&tfu=EgQIABABIgA&curr= 200
2026-05-04 18:18:08,401 [INFO]   → 333 válidos / 333 brutos. Min: $90.0
2026-05-04 18:18:08,401 [INFO]   query_log: {'timestamp': '2026-05-04T18:18:06.567940', 'query': 'MAD-BCN 2026-07-03 (DTD=60)', 'n_raw': 333, 'n_filtered': 333, 'status': 'ok'}
2026-05-04 18:18:08,421 [INFO]   Dedup intra-sesión: 4264 → 1185 (3079 fares duplicados colapsados)
2026-05-04 18:18:08,556 [INFO] === Sesión completada ===
2026-05-04 18:18:08,556 [INFO]   Queries ok / failed: 14 / 4
2026-05-04 18:18:08,556 [INFO]   Registros nuevos:    1185
2026-05-04 18:18:08,556 [INFO]   Total acumulado:     21216
2026-05-04 18:18:08,556 [INFO]   Guardado en:         /home/runner/work/yield-management-bcn-mad/yield-management-bcn-mad/data/bcn_mad_prices.parquet
2026-05-04 18:18:08,558 [INFO]   Resumen guardado:    /home/runner/work/yield-management-bcn-mad/yield-management-bcn-mad/logs/summary_20260504_181240.json
