2026-04-26 08:14:20,417 [INFO] === Iniciando sesión de scraping 20260426_081420 ===
2026-04-26 08:14:20,417 [INFO]   Consultando BCN→MAD para 2026-04-27 (DTD=1)...
2026-04-26 08:14:20,417 [WARNING] Impersonate 'chrome_126' does not exist, using 'random'
2026-04-26 08:14:20,667 [INFO] response: https://www.google.com/travel/flights?tfs=GhoSCjIwMjYtMDQtMjdqBRIDQkNOcgUSA01BREIBAUgBmAEC&hl=en&tfu=EgQIABABIgA&curr= 200
2026-04-26 08:14:21,239 [INFO]   → 299 vuelos encontrados. Precio mínimo: $125.0
2026-04-26 08:14:21,239 [INFO]   Esperando 4.5s antes de la siguiente consulta...
2026-04-26 08:14:25,749 [INFO]   Consultando BCN→MAD para 2026-04-29 (DTD=3)...
2026-04-26 08:14:25,942 [INFO] response: https://www.google.com/travel/flights?tfs=GhoSCjIwMjYtMDQtMjlqBRIDQkNOcgUSA01BREIBAUgBmAEC&hl=en&tfu=EgQIABABIgA&curr= 200
2026-04-26 08:14:27,133 [INFO]   → 293 vuelos encontrados. Precio mínimo: $179.0
2026-04-26 08:14:27,133 [INFO]   Esperando 5.9s antes de la siguiente consulta...
2026-04-26 08:14:32,988 [INFO]   Consultando BCN→MAD para 2026-05-03 (DTD=7)...
2026-04-26 08:14:33,222 [INFO] response: https://www.google.com/travel/flights?tfs=GhoSCjIwMjYtMDUtMDNqBRIDQkNOcgUSA01BREIBAUgBmAEC&hl=en&tfu=EgQIABABIgA&curr= 200
2026-04-26 08:14:34,689 [INFO]   → 303 vuelos encontrados. Precio mínimo: $139.0
2026-04-26 08:14:34,690 [INFO]   Esperando 5.6s antes de la siguiente consulta...
2026-04-26 08:14:40,327 [INFO]   Consultando BCN→MAD para 2026-05-06 (DTD=10)...
2026-04-26 08:14:40,530 [INFO] response: https://www.google.com/travel/flights?tfs=GhoSCjIwMjYtMDUtMDZqBRIDQkNOcgUSA01BREIBAUgBmAEC&hl=en&tfu=EgQIABABIgA&curr= 200
2026-04-26 08:14:42,040 [INFO]   → 303 vuelos encontrados. Precio mínimo: $99.0
2026-04-26 08:14:42,040 [INFO]   Esperando 7.4s antes de la siguiente consulta...
2026-04-26 08:14:49,418 [INFO]   Consultando BCN→MAD para 2026-05-10 (DTD=14)...
2026-04-26 08:14:49,563 [INFO] response: https://www.google.com/travel/flights?tfs=GhoSCjIwMjYtMDUtMTBqBRIDQkNOcgUSA01BREIBAUgBmAEC&hl=en&tfu=EgQIABABIgA&curr= 200
2026-04-26 08:14:50,648 [INFO]   → 323 vuelos encontrados. Precio mínimo: $68.0
2026-04-26 08:14:50,648 [INFO]   Esperando 3.3s antes de la siguiente consulta...
2026-04-26 08:14:53,948 [INFO]   Consultando BCN→MAD para 2026-05-17 (DTD=21)...
2026-04-26 08:14:54,142 [INFO] response: https://www.google.com/travel/flights?tfs=GhoSCjIwMjYtMDUtMTdqBRIDQkNOcgUSA01BREIBAUgBmAEC&hl=en&tfu=EgQIABABIgA&curr= 200
2026-04-26 08:14:54,635 [INFO]   → 301 vuelos encontrados. Precio mínimo: $139.0
2026-04-26 08:14:54,635 [INFO]   Esperando 4.0s antes de la siguiente consulta...
2026-04-26 08:14:58,649 [INFO]   Consultando BCN→MAD para 2026-05-26 (DTD=30)...
2026-04-26 08:14:58,845 [INFO] response: https://www.google.com/travel/flights?tfs=GhoSCjIwMjYtMDUtMjZqBRIDQkNOcgUSA01BREIBAUgBmAEC&hl=en&tfu=EgQIABABIgA&curr= 200
2026-04-26 08:14:59,310 [INFO]   → 295 vuelos encontrados. Precio mínimo: $76.0
2026-04-26 08:14:59,311 [INFO]   Esperando 3.1s antes de la siguiente consulta...
2026-04-26 08:15:02,395 [INFO]   Consultando BCN→MAD para 2026-06-10 (DTD=45)...
2026-04-26 08:15:02,528 [INFO] response: https://www.google.com/travel/flights?tfs=GhoSCjIwMjYtMDYtMTBqBRIDQkNOcgUSA01BREIBAUgBmAEC&hl=en&tfu=EgQIABABIgA&curr= 200
2026-04-26 08:15:03,731 [INFO]   → 341 vuelos encontrados. Precio mínimo: $85.0
2026-04-26 08:15:03,732 [INFO]   Esperando 6.9s antes de la siguiente consulta...
2026-04-26 08:15:10,625 [INFO]   Consultando BCN→MAD para 2026-06-25 (DTD=60)...
2026-04-26 08:15:10,785 [INFO] response: https://www.google.com/travel/flights?tfs=GhoSCjIwMjYtMDYtMjVqBRIDQkNOcgUSA01BREIBAUgBmAEC&hl=en&tfu=EgQIABABIgA&curr= 200
2026-04-26 08:15:12,235 [INFO]   → 309 vuelos encontrados. Precio mínimo: $105.0
2026-04-26 08:15:12,326 [INFO] === Sesión completada ===
2026-04-26 08:15:12,326 [INFO]   Registros nuevos:  2767
2026-04-26 08:15:12,326 [INFO]   Total acumulado:   9504
2026-04-26 08:15:12,326 [INFO]   Guardado en:       /home/runner/work/yield-management-bcn-mad/yield-management-bcn-mad/data/bcn_mad_prices.parquet
2026-04-26 08:15:12,328 [INFO]   Resumen guardado:  /home/runner/work/yield-management-bcn-mad/yield-management-bcn-mad/logs/summary_20260426_081420.json
2026-04-26 17:41:56,142 [INFO] === Iniciando sesión de scraping 20260426_174156 ===
2026-04-26 17:41:56,142 [INFO]   Consultando BCN→MAD para 2026-04-27 (DTD=1)...
2026-04-26 17:41:56,142 [WARNING] Impersonate 'chrome_126' does not exist, using 'random'
2026-04-26 17:41:56,332 [INFO] response: https://www.google.com/travel/flights?tfs=GhoSCjIwMjYtMDQtMjdqBRIDQkNOcgUSA01BREIBAUgBmAEC&hl=en&tfu=EgQIABABIgA&curr= 200
2026-04-26 17:41:57,596 [INFO]   → 279 vuelos encontrados. Precio mínimo: $139.0
2026-04-26 17:41:57,597 [INFO]   Esperando 5.8s antes de la siguiente consulta...
2026-04-26 17:42:03,427 [INFO]   Consultando BCN→MAD para 2026-04-29 (DTD=3)...
2026-04-26 17:42:03,572 [INFO] response: https://www.google.com/travel/flights?tfs=GhoSCjIwMjYtMDQtMjlqBRIDQkNOcgUSA01BREIBAUgBmAEC&hl=en&tfu=EgQIABABIgA&curr= 200
2026-04-26 17:42:04,551 [INFO]   → 295 vuelos encontrados. Precio mínimo: $178.0
2026-04-26 17:42:04,551 [INFO]   Esperando 4.5s antes de la siguiente consulta...
2026-04-26 17:42:09,059 [INFO]   Consultando BCN→MAD para 2026-05-03 (DTD=7)...
2026-04-26 17:42:09,189 [INFO] response: https://www.google.com/travel/flights?tfs=GhoSCjIwMjYtMDUtMDNqBRIDQkNOcgUSA01BREIBAUgBmAEC&hl=en&tfu=EgQIABABIgA&curr= 200
2026-04-26 17:42:09,625 [INFO]   → 295 vuelos encontrados. Precio mínimo: $139.0
2026-04-26 17:42:09,625 [INFO]   Esperando 5.3s antes de la siguiente consulta...
2026-04-26 17:42:14,960 [INFO]   Consultando BCN→MAD para 2026-05-06 (DTD=10)...
2026-04-26 17:42:15,115 [INFO] response: https://www.google.com/travel/flights?tfs=GhoSCjIwMjYtMDUtMDZqBRIDQkNOcgUSA01BREIBAUgBmAEC&hl=en&tfu=EgQIABABIgA&curr= 200
2026-04-26 17:42:16,110 [INFO]   → 299 vuelos encontrados. Precio mínimo: $99.0
2026-04-26 17:42:16,110 [INFO]   Esperando 6.5s antes de la siguiente consulta...
2026-04-26 17:42:22,578 [INFO]   Consultando BCN→MAD para 2026-05-10 (DTD=14)...
2026-04-26 17:42:22,724 [INFO] response: https://www.google.com/travel/flights?tfs=GhoSCjIwMjYtMDUtMTBqBRIDQkNOcgUSA01BREIBAUgBmAEC&hl=en&tfu=EgQIABABIgA&curr= 200
2026-04-26 17:42:23,164 [INFO]   → 315 vuelos encontrados. Precio mínimo: $68.0
2026-04-26 17:42:23,165 [INFO]   Esperando 4.6s antes de la siguiente consulta...
2026-04-26 17:42:27,730 [INFO]   Consultando BCN→MAD para 2026-05-17 (DTD=21)...
2026-04-26 17:42:27,871 [INFO] response: https://www.google.com/travel/flights?tfs=GhoSCjIwMjYtMDUtMTdqBRIDQkNOcgUSA01BREIBAUgBmAEC&hl=en&tfu=EgQIABABIgA&curr= 200
2026-04-26 17:42:29,208 [INFO]   → 315 vuelos encontrados. Precio mínimo: $139.0
2026-04-26 17:42:29,208 [INFO]   Esperando 7.2s antes de la siguiente consulta...
2026-04-26 17:42:36,368 [INFO]   Consultando BCN→MAD para 2026-05-26 (DTD=30)...
2026-04-26 17:42:36,523 [INFO] response: https://www.google.com/travel/flights?tfs=GhoSCjIwMjYtMDUtMjZqBRIDQkNOcgUSA01BREIBAUgBmAEC&hl=en&tfu=EgQIABABIgA&curr= 200
2026-04-26 17:42:37,684 [INFO]   → 309 vuelos encontrados. Precio mínimo: $75.0
2026-04-26 17:42:37,684 [INFO]   Esperando 4.5s antes de la siguiente consulta...
2026-04-26 17:42:42,152 [INFO]   Consultando BCN→MAD para 2026-06-10 (DTD=45)...
2026-04-26 17:42:42,308 [INFO] response: https://www.google.com/travel/flights?tfs=GhoSCjIwMjYtMDYtMTBqBRIDQkNOcgUSA01BREIBAUgBmAEC&hl=en&tfu=EgQIABABIgA&curr= 200
2026-04-26 17:42:44,000 [INFO]   → 347 vuelos encontrados. Precio mínimo: $98.0
2026-04-26 17:42:44,000 [INFO]   Esperando 5.4s antes de la siguiente consulta...
2026-04-26 17:42:49,441 [INFO]   Consultando BCN→MAD para 2026-06-25 (DTD=60)...
2026-04-26 17:42:49,595 [INFO] response: https://www.google.com/travel/flights?tfs=GhoSCjIwMjYtMDYtMjVqBRIDQkNOcgUSA01BREIBAUgBmAEC&hl=en&tfu=EgQIABABIgA&curr= 200
2026-04-26 17:42:50,180 [INFO]   → 307 vuelos encontrados. Precio mínimo: $105.0
2026-04-26 17:42:50,275 [INFO] === Sesión completada ===
2026-04-26 17:42:50,275 [INFO]   Registros nuevos:  2761
2026-04-26 17:42:50,275 [INFO]   Total acumulado:   10023
2026-04-26 17:42:50,275 [INFO]   Guardado en:       /home/runner/work/yield-management-bcn-mad/yield-management-bcn-mad/data/bcn_mad_prices.parquet
2026-04-26 17:42:50,277 [INFO]   Resumen guardado:  /home/runner/work/yield-management-bcn-mad/yield-management-bcn-mad/logs/summary_20260426_174156.json
